[INFO] 17:06:06:678 muse/(7626:7626): LISTEN_PORT: 5003
[INFO] 17:06:06:689 muse/(7626:7626): MEMORY_SIZE: 4096
[INFO] 17:06:06:689 muse/(7626:7626): PAGE_SIZE​: 32
[INFO] 17:06:06:689 muse/(7626:7626): SWAP_SIZE​: 1024
[INFO] 15:03:24:671 muse/(10752:10752): LISTEN_PORT: 5003
[INFO] 15:03:24:671 muse/(10752:10752): MEMORY_SIZE: 4096
[INFO] 15:03:24:671 muse/(10752:10752): PAGE_SIZE​: 32
[INFO] 15:03:24:671 muse/(10752:10752): SWAP_SIZE​: 1024
[INFO] 15:25:44:326 muse/(11597:11597): LISTEN_PORT: 5003
[INFO] 15:25:44:327 muse/(11597:11597): MEMORY_SIZE: 4096
[INFO] 15:25:44:327 muse/(11597:11597): PAGE_SIZE​: 32
[INFO] 15:25:44:327 muse/(11597:11597): SWAP_SIZE​: 1024
[INFO] 15:25:55:926 muse/(11638:11638): LISTEN_PORT: 5003
[INFO] 15:25:55:936 muse/(11638:11638): MEMORY_SIZE: 4096
[INFO] 15:25:55:936 muse/(11638:11638): PAGE_SIZE​: 32
[INFO] 15:25:55:936 muse/(11638:11638): SWAP_SIZE​: 1024
[INFO] 15:26:12:945 muse/(11679:11679): LISTEN_PORT: 5003
[INFO] 15:26:12:952 muse/(11679:11679): MEMORY_SIZE: 4096
[INFO] 15:26:12:952 muse/(11679:11679): PAGE_SIZE​: 32
[INFO] 15:26:12:952 muse/(11679:11679): SWAP_SIZE​: 1024
[INFO] 15:26:23:466 muse/(11715:11715): LISTEN_PORT: 5003
[INFO] 15:26:23:479 muse/(11715:11715): MEMORY_SIZE: 4096
[INFO] 15:26:23:479 muse/(11715:11715): PAGE_SIZE​: 32
[INFO] 15:26:23:479 muse/(11715:11715): SWAP_SIZE​: 1024
[INFO] 15:41:19:836 muse/(11896:11896): LISTEN_PORT: 5003
[INFO] 15:41:19:836 muse/(11896:11896): MEMORY_SIZE: 4096
[INFO] 15:41:19:836 muse/(11896:11896): PAGE_SIZE​: 32
[INFO] 15:41:19:836 muse/(11896:11896): SWAP_SIZE​: 1024
[INFO] 15:41:34:758 muse/(11927:11927): LISTEN_PORT: 5003
[INFO] 15:41:34:758 muse/(11927:11927): MEMORY_SIZE: 4096
[INFO] 15:41:34:758 muse/(11927:11927): PAGE_SIZE​: 32
[INFO] 15:41:34:758 muse/(11927:11927): SWAP_SIZE​: 1024
[INFO] 17:09:52:49 muse/(13571:13571): LISTEN_PORT: 5003
[INFO] 17:09:52:49 muse/(13571:13571): MEMORY_SIZE: 4096
[INFO] 17:09:52:49 muse/(13571:13571): PAGE_SIZE​: 32
[INFO] 17:09:52:49 muse/(13571:13571): SWAP_SIZE​: 1024
[INFO] 17:10:18:263 muse/(13607:13607): LISTEN_PORT: 5003
[INFO] 17:10:18:264 muse/(13607:13607): MEMORY_SIZE: 4096
[INFO] 17:10:18:264 muse/(13607:13607): PAGE_SIZE​: 32
[INFO] 17:10:18:264 muse/(13607:13607): SWAP_SIZE​: 1024
[INFO] 17:10:27:806 muse/(13639:13639): LISTEN_PORT: 5003
[INFO] 17:10:27:806 muse/(13639:13639): MEMORY_SIZE: 4096
[INFO] 17:10:27:806 muse/(13639:13639): PAGE_SIZE​: 32
[INFO] 17:10:27:806 muse/(13639:13639): SWAP_SIZE​: 1024
[INFO] 17:10:48:894 muse/(13675:13675): LISTEN_PORT: 5003
[INFO] 17:10:48:895 muse/(13675:13675): MEMORY_SIZE: 4096
[INFO] 17:10:48:895 muse/(13675:13675): PAGE_SIZE​: 32
[INFO] 17:10:48:895 muse/(13675:13675): SWAP_SIZE​: 1024
[INFO] 17:11:55:861 muse/(13753:13753): LISTEN_PORT: 5003
[INFO] 17:11:55:861 muse/(13753:13753): MEMORY_SIZE: 4096
[INFO] 17:11:55:861 muse/(13753:13753): PAGE_SIZE​: 32
[INFO] 17:11:55:861 muse/(13753:13753): SWAP_SIZE​: 1024
[INFO] 17:12:06:944 muse/(13787:13787): LISTEN_PORT: 5003
[INFO] 17:12:06:947 muse/(13787:13787): MEMORY_SIZE: 4096
[INFO] 17:12:06:947 muse/(13787:13787): PAGE_SIZE​: 32
[INFO] 17:12:06:947 muse/(13787:13787): SWAP_SIZE​: 1024
[INFO] 17:12:26:877 muse/(13820:13820): LISTEN_PORT: 5003
[INFO] 17:12:26:878 muse/(13820:13820): MEMORY_SIZE: 4096
[INFO] 17:12:26:878 muse/(13820:13820): PAGE_SIZE​: 32
[INFO] 17:12:26:878 muse/(13820:13820): SWAP_SIZE​: 1024
[INFO] 17:16:56:308 muse/(14005:14005): LISTEN_PORT: 5003
[INFO] 17:16:56:317 muse/(14005:14005): MEMORY_SIZE: 4096
[INFO] 17:16:56:317 muse/(14005:14005): PAGE_SIZE​: 32
[INFO] 17:16:56:317 muse/(14005:14005): SWAP_SIZE​: 1024
[INFO] 17:17:05:926 muse/(14043:14043): LISTEN_PORT: 5003
[INFO] 17:17:05:927 muse/(14043:14043): MEMORY_SIZE: 4096
[INFO] 17:17:05:927 muse/(14043:14043): PAGE_SIZE​: 32
[INFO] 17:17:05:927 muse/(14043:14043): SWAP_SIZE​: 1024
[INFO] 17:17:38:253 muse/(14078:14078): LISTEN_PORT: 5003
[INFO] 17:17:38:256 muse/(14078:14078): MEMORY_SIZE: 4096
[INFO] 17:17:38:256 muse/(14078:14078): PAGE_SIZE​: 32
[INFO] 17:17:38:256 muse/(14078:14078): SWAP_SIZE​: 1024
[INFO] 17:19:17:396 muse/(14128:14128): LISTEN_PORT: 5003
[INFO] 17:19:17:397 muse/(14128:14128): MEMORY_SIZE: 4096
[INFO] 17:19:17:397 muse/(14128:14128): PAGE_SIZE​: 32
[INFO] 17:19:17:397 muse/(14128:14128): SWAP_SIZE​: 1024
[INFO] 17:22:29:825 muse/(14215:14215): LISTEN_PORT: 5003
[INFO] 17:22:29:825 muse/(14215:14215): MEMORY_SIZE: 4096
[INFO] 17:22:29:825 muse/(14215:14215): PAGE_SIZE​: 32
[INFO] 17:22:29:825 muse/(14215:14215): SWAP_SIZE​: 1024
[INFO] 17:23:08:187 muse/(14265:14265): LISTEN_PORT: 5003
[INFO] 17:23:08:188 muse/(14265:14265): MEMORY_SIZE: 4096
[INFO] 17:23:08:188 muse/(14265:14265): PAGE_SIZE​: 32
[INFO] 17:23:08:188 muse/(14265:14265): SWAP_SIZE​: 1024
[INFO] 17:24:23:198 muse/(14355:14355): LISTEN_PORT: 5003
[INFO] 17:24:23:198 muse/(14355:14355): MEMORY_SIZE: 4096
[INFO] 17:24:23:198 muse/(14355:14355): PAGE_SIZE​: 32
[INFO] 17:24:23:199 muse/(14355:14355): SWAP_SIZE​: 1024
[INFO] 17:24:31:33 muse/(14383:14383): LISTEN_PORT: 5003
[INFO] 17:24:31:34 muse/(14383:14383): MEMORY_SIZE: 4096
[INFO] 17:24:31:34 muse/(14383:14383): PAGE_SIZE​: 32
[INFO] 17:24:31:34 muse/(14383:14383): SWAP_SIZE​: 1024
[INFO] 19:46:21:267 muse/(14479:14479): LISTEN_PORT: 5003
[INFO] 19:46:21:267 muse/(14479:14479): MEMORY_SIZE: 4096
[INFO] 19:46:21:267 muse/(14479:14479): PAGE_SIZE​: 32
[INFO] 19:46:21:267 muse/(14479:14479): SWAP_SIZE​: 1024
[INFO] 19:47:09:154 muse/(14556:14556): LISTEN_PORT: 5003
[INFO] 19:47:09:154 muse/(14556:14556): MEMORY_SIZE: 4096
[INFO] 19:47:09:154 muse/(14556:14556): PAGE_SIZE​: 32
[INFO] 19:47:09:154 muse/(14556:14556): SWAP_SIZE​: 1024
[INFO] 19:48:47:280 muse/(14647:14647): LISTEN_PORT: 5003
[INFO] 19:48:47:289 muse/(14647:14647): MEMORY_SIZE: 4096
[INFO] 19:48:47:289 muse/(14647:14647): PAGE_SIZE​: 32
[INFO] 19:48:47:289 muse/(14647:14647): SWAP_SIZE​: 1024
[INFO] 19:49:04:695 muse/(14678:14678): LISTEN_PORT: 5003
[INFO] 19:49:04:696 muse/(14678:14678): MEMORY_SIZE: 4096
[INFO] 19:49:04:696 muse/(14678:14678): PAGE_SIZE​: 32
[INFO] 19:49:04:696 muse/(14678:14678): SWAP_SIZE​: 1024
[INFO] 19:50:00:75 muse/(14746:14746): LISTEN_PORT: 5003
[INFO] 19:50:00:75 muse/(14746:14746): MEMORY_SIZE: 4096
[INFO] 19:50:00:75 muse/(14746:14746): PAGE_SIZE​: 32
[INFO] 19:50:00:75 muse/(14746:14746): SWAP_SIZE​: 1024
[INFO] 19:52:47:498 muse/(14812:14812): LISTEN_PORT: 5003
[INFO] 19:52:47:504 muse/(14812:14812): MEMORY_SIZE: 4096
[INFO] 19:52:47:504 muse/(14812:14812): PAGE_SIZE​: 32
[INFO] 19:52:47:504 muse/(14812:14812): SWAP_SIZE​: 1024
[INFO] 19:54:02:404 muse/(14890:14890): LISTEN_PORT: 5003
[INFO] 19:54:02:405 muse/(14890:14890): MEMORY_SIZE: 4096
[INFO] 19:54:02:405 muse/(14890:14890): PAGE_SIZE​: 32
[INFO] 19:54:02:405 muse/(14890:14890): SWAP_SIZE​: 1024
[INFO] 19:54:58:218 muse/(14932:14932): LISTEN_PORT: 5003
[INFO] 19:54:58:219 muse/(14932:14932): MEMORY_SIZE: 4096
[INFO] 19:54:58:219 muse/(14932:14932): PAGE_SIZE​: 32
[INFO] 19:54:58:219 muse/(14932:14932): SWAP_SIZE​: 1024
[INFO] 19:55:21:358 muse/(14968:14968): LISTEN_PORT: 5003
[INFO] 19:55:21:360 muse/(14968:14968): MEMORY_SIZE: 4096
[INFO] 19:55:21:361 muse/(14968:14968): PAGE_SIZE​: 32
[INFO] 19:55:21:361 muse/(14968:14968): SWAP_SIZE​: 1024
[INFO] 19:55:34:791 muse/(15004:15004): LISTEN_PORT: 5003
[INFO] 19:55:34:791 muse/(15004:15004): MEMORY_SIZE: 4096
[INFO] 19:55:34:791 muse/(15004:15004): PAGE_SIZE​: 32
[INFO] 19:55:34:792 muse/(15004:15004): SWAP_SIZE​: 1024
[INFO] 19:55:47:727 muse/(15041:15041): LISTEN_PORT: 5003
[INFO] 19:55:47:728 muse/(15041:15041): MEMORY_SIZE: 4096
[INFO] 19:55:47:728 muse/(15041:15041): PAGE_SIZE​: 32
[INFO] 19:55:47:728 muse/(15041:15041): SWAP_SIZE​: 1024
[INFO] 19:56:20:171 muse/(15080:15080): LISTEN_PORT: 5003
[INFO] 19:56:20:177 muse/(15080:15080): MEMORY_SIZE: 4096
[INFO] 19:56:20:177 muse/(15080:15080): PAGE_SIZE​: 32
[INFO] 19:56:20:177 muse/(15080:15080): SWAP_SIZE​: 1024
[INFO] 19:59:01:15 muse/(15151:15151): LISTEN_PORT: 5003
[INFO] 19:59:01:17 muse/(15151:15151): MEMORY_SIZE: 4096
[INFO] 19:59:01:17 muse/(15151:15151): PAGE_SIZE​: 32
[INFO] 19:59:01:17 muse/(15151:15151): SWAP_SIZE​: 1024
[INFO] 20:06:24:211 muse/(15267:15267): LISTEN_PORT: 5003
[INFO] 20:06:24:218 muse/(15267:15267): MEMORY_SIZE: 4096
[INFO] 20:06:24:218 muse/(15267:15267): PAGE_SIZE​: 32
[INFO] 20:06:24:218 muse/(15267:15267): SWAP_SIZE​: 1024
[INFO] 20:07:11:856 muse/(15312:15312): LISTEN_PORT: 5003
[INFO] 20:07:11:858 muse/(15312:15312): MEMORY_SIZE: 4096
[INFO] 20:07:11:858 muse/(15312:15312): PAGE_SIZE​: 32
[INFO] 20:07:11:859 muse/(15312:15312): SWAP_SIZE​: 1024
[INFO] 20:08:25:98 muse/(15361:15361): LISTEN_PORT: 5003
[INFO] 20:08:25:99 muse/(15361:15361): MEMORY_SIZE: 4096
[INFO] 20:08:25:99 muse/(15361:15361): PAGE_SIZE​: 32
[INFO] 20:08:25:99 muse/(15361:15361): SWAP_SIZE​: 1024
[INFO] 20:10:06:784 muse/(15410:15410): LISTEN_PORT: 5003
[INFO] 20:10:06:784 muse/(15410:15410): MEMORY_SIZE: 4096
[INFO] 20:10:06:784 muse/(15410:15410): PAGE_SIZE​: 32
[INFO] 20:10:06:784 muse/(15410:15410): SWAP_SIZE​: 1024
[INFO] 00:51:31:122 muse/(7667:7667): LISTEN_PORT: 5003
[INFO] 00:51:31:138 muse/(7667:7667): MEMORY_SIZE: 4096
[INFO] 00:51:31:138 muse/(7667:7667): PAGE_SIZE​: 32
[INFO] 00:51:31:138 muse/(7667:7667): SWAP_SIZE​: 1024
[INFO] 01:02:16:281 muse/(7970:7970): LISTEN_PORT: 5003
[INFO] 01:02:16:281 muse/(7970:7970): MEMORY_SIZE: 4096
[INFO] 01:02:16:281 muse/(7970:7970): PAGE_SIZE​: 32
[INFO] 01:02:16:281 muse/(7970:7970): SWAP_SIZE​: 1024
[INFO] 01:09:03:120 muse/(8131:8131): LISTEN_PORT: 5003
[INFO] 01:09:03:122 muse/(8131:8131): MEMORY_SIZE: 4096
[INFO] 01:09:03:122 muse/(8131:8131): PAGE_SIZE​: 32
[INFO] 01:09:03:122 muse/(8131:8131): SWAP_SIZE​: 1024
[INFO] 01:09:48:971 muse/(8214:8214): LISTEN_PORT: 5003
[INFO] 01:09:48:971 muse/(8214:8214): MEMORY_SIZE: 4096
[INFO] 01:09:48:971 muse/(8214:8214): PAGE_SIZE​: 32
[INFO] 01:09:48:971 muse/(8214:8214): SWAP_SIZE​: 1024
[INFO] 01:10:46:540 muse/(8303:8303): LISTEN_PORT: 5003
[INFO] 01:10:46:540 muse/(8303:8303): MEMORY_SIZE: 4096
[INFO] 01:10:46:540 muse/(8303:8303): PAGE_SIZE​: 32
[INFO] 01:10:46:540 muse/(8303:8303): SWAP_SIZE​: 1024
[INFO] 01:12:37:82 muse/(8432:8432): LISTEN_PORT: 5003
[INFO] 01:12:37:83 muse/(8432:8432): MEMORY_SIZE: 4096
[INFO] 01:12:37:83 muse/(8432:8432): PAGE_SIZE​: 32
[INFO] 01:12:37:83 muse/(8432:8432): SWAP_SIZE​: 1024
[INFO] 01:13:08:742 muse/(8507:8507): LISTEN_PORT: 5003
[INFO] 01:13:08:742 muse/(8507:8507): MEMORY_SIZE: 4096
[INFO] 01:13:08:742 muse/(8507:8507): PAGE_SIZE​: 32
[INFO] 01:13:08:742 muse/(8507:8507): SWAP_SIZE​: 1024
[INFO] 01:28:00:448 muse/(8976:8976): LISTEN_PORT: 5003
[INFO] 01:28:00:450 muse/(8976:8976): MEMORY_SIZE: 4096
[INFO] 01:28:00:450 muse/(8976:8976): PAGE_SIZE​: 32
[INFO] 01:28:00:450 muse/(8976:8976): SWAP_SIZE​: 1024
[INFO] 01:28:33:772 muse/(9016:9016): LISTEN_PORT: 5003
[INFO] 01:28:33:784 muse/(9016:9016): MEMORY_SIZE: 4096
[INFO] 01:28:33:785 muse/(9016:9016): PAGE_SIZE​: 32
[INFO] 01:28:33:785 muse/(9016:9016): SWAP_SIZE​: 1024
[INFO] 01:30:05:169 muse/(9067:9067): LISTEN_PORT: 5003
[INFO] 01:30:05:175 muse/(9067:9067): MEMORY_SIZE: 4096
[INFO] 01:30:05:175 muse/(9067:9067): PAGE_SIZE​: 32
[INFO] 01:30:05:175 muse/(9067:9067): SWAP_SIZE​: 1024
[INFO] 01:31:36:725 muse/(9149:9149): LISTEN_PORT: 5003
[INFO] 01:31:36:725 muse/(9149:9149): MEMORY_SIZE: 4096
[INFO] 01:31:36:725 muse/(9149:9149): PAGE_SIZE​: 32
[INFO] 01:31:36:725 muse/(9149:9149): SWAP_SIZE​: 1024
[INFO] 01:32:48:53 muse/(9207:9207): LISTEN_PORT: 5003
[INFO] 01:32:48:56 muse/(9207:9207): MEMORY_SIZE: 4096
[INFO] 01:32:48:56 muse/(9207:9207): PAGE_SIZE​: 32
[INFO] 01:32:48:57 muse/(9207:9207): SWAP_SIZE​: 1024
[INFO] 01:33:10:807 muse/(9253:9253): LISTEN_PORT: 5003
[INFO] 01:33:10:810 muse/(9253:9253): MEMORY_SIZE: 4096
[INFO] 01:33:10:810 muse/(9253:9253): PAGE_SIZE​: 32
[INFO] 01:33:10:811 muse/(9253:9253): SWAP_SIZE​: 1024
[INFO] 01:33:28:307 muse/(9280:9280): LISTEN_PORT: 5003
[INFO] 01:33:28:308 muse/(9280:9280): MEMORY_SIZE: 4096
[INFO] 01:33:28:308 muse/(9280:9280): PAGE_SIZE​: 32
[INFO] 01:33:28:308 muse/(9280:9280): SWAP_SIZE​: 1024
[INFO] 01:35:36:284 muse/(9402:9402): LISTEN_PORT: 5003
[INFO] 01:35:36:284 muse/(9402:9402): MEMORY_SIZE: 4096
[INFO] 01:35:36:284 muse/(9402:9402): PAGE_SIZE​: 32
[INFO] 01:35:36:284 muse/(9402:9402): SWAP_SIZE​: 1024
[INFO] 01:36:34:589 muse/(9443:9443): LISTEN_PORT: 5003
[INFO] 01:36:34:592 muse/(9443:9443): MEMORY_SIZE: 4096
[INFO] 01:36:34:592 muse/(9443:9443): PAGE_SIZE​: 32
[INFO] 01:36:34:592 muse/(9443:9443): SWAP_SIZE​: 1024
[INFO] 01:41:54:105 muse/(9555:9555): LISTEN_PORT: 5003
[INFO] 01:41:54:110 muse/(9555:9555): MEMORY_SIZE: 4096
[INFO] 01:41:54:110 muse/(9555:9555): PAGE_SIZE​: 32
[INFO] 01:41:54:110 muse/(9555:9555): SWAP_SIZE​: 1024
[INFO] 01:44:18:222 muse/(9624:9624): LISTEN_PORT: 5003
[INFO] 01:44:18:224 muse/(9624:9624): MEMORY_SIZE: 4096
[INFO] 01:44:18:224 muse/(9624:9624): PAGE_SIZE​: 32
[INFO] 01:44:18:224 muse/(9624:9624): SWAP_SIZE​: 1024
[INFO] 01:45:38:419 muse/(9702:9702): LISTEN_PORT: 5003
[INFO] 01:45:38:426 muse/(9702:9702): MEMORY_SIZE: 4096
[INFO] 01:45:38:426 muse/(9702:9702): PAGE_SIZE​: 32
[INFO] 01:45:38:426 muse/(9702:9702): SWAP_SIZE​: 1024
[INFO] 14:00:35:700 muse/(7489:7489): LISTEN_PORT: 5003
[INFO] 14:00:35:713 muse/(7489:7489): MEMORY_SIZE: 4096
[INFO] 14:00:35:713 muse/(7489:7489): PAGE_SIZE​: 32
[INFO] 14:00:35:713 muse/(7489:7489): SWAP_SIZE​: 1024
[INFO] 14:36:41:315 muse/(8549:8549): LISTEN_PORT: 5003
[INFO] 14:36:41:315 muse/(8549:8549): MEMORY_SIZE: 4096
[INFO] 14:36:41:315 muse/(8549:8549): PAGE_SIZE​: 32
[INFO] 14:36:41:315 muse/(8549:8549): SWAP_SIZE​: 1024
[INFO] 14:37:25:89 muse/(8600:8600): LISTEN_PORT: 5003
[INFO] 14:37:25:89 muse/(8600:8600): MEMORY_SIZE: 4096
[INFO] 14:37:25:90 muse/(8600:8600): PAGE_SIZE​: 32
[INFO] 14:37:25:90 muse/(8600:8600): SWAP_SIZE​: 1024
[INFO] 14:39:44:454 muse/(8683:8683): LISTEN_PORT: 5003
[INFO] 14:39:44:454 muse/(8683:8683): MEMORY_SIZE: 4096
[INFO] 14:39:44:454 muse/(8683:8683): PAGE_SIZE​: 32
[INFO] 14:39:44:454 muse/(8683:8683): SWAP_SIZE​: 1024
[INFO] 14:40:45:75 muse/(8743:8743): LISTEN_PORT: 5003
[INFO] 14:40:45:76 muse/(8743:8743): MEMORY_SIZE: 4096
[INFO] 14:40:45:76 muse/(8743:8743): PAGE_SIZE​: 32
[INFO] 14:40:45:76 muse/(8743:8743): SWAP_SIZE​: 1024
[INFO] 14:47:25:381 muse/(8905:8905): LISTEN_PORT: 5003
[INFO] 14:47:25:381 muse/(8905:8905): MEMORY_SIZE: 4096
[INFO] 14:47:25:381 muse/(8905:8905): PAGE_SIZE​: 32
[INFO] 14:47:25:382 muse/(8905:8905): SWAP_SIZE​: 1024
[INFO] 14:55:00:305 muse/(9062:9062): LISTEN_PORT: 5003
[INFO] 14:55:00:306 muse/(9062:9062): MEMORY_SIZE: 4096
[INFO] 14:55:00:306 muse/(9062:9062): PAGE_SIZE​: 32
[INFO] 14:55:00:306 muse/(9062:9062): SWAP_SIZE​: 1024
[INFO] 14:55:48:311 muse/(9141:9141): LISTEN_PORT: 5003
[INFO] 14:55:48:311 muse/(9141:9141): MEMORY_SIZE: 4096
[INFO] 14:55:48:312 muse/(9141:9141): PAGE_SIZE​: 32
[INFO] 14:55:48:312 muse/(9141:9141): SWAP_SIZE​: 1024
[INFO] 14:58:29:627 muse/(9262:9262): LISTEN_PORT: 5003
[INFO] 14:58:29:627 muse/(9262:9262): MEMORY_SIZE: 4096
[INFO] 14:58:29:628 muse/(9262:9262): PAGE_SIZE​: 32
[INFO] 14:58:29:628 muse/(9262:9262): SWAP_SIZE​: 1024
[INFO] 15:03:17:382 muse/(9428:9428): LISTEN_PORT: 5003
[INFO] 15:03:17:392 muse/(9428:9428): MEMORY_SIZE: 4096
[INFO] 15:03:17:392 muse/(9428:9428): PAGE_SIZE​: 32
[INFO] 15:03:17:392 muse/(9428:9428): SWAP_SIZE​: 1024
[INFO] 15:03:45:478 muse/(9486:9486): LISTEN_PORT: 5003
[INFO] 15:03:45:486 muse/(9486:9486): MEMORY_SIZE: 4096
[INFO] 15:03:45:486 muse/(9486:9486): PAGE_SIZE​: 32
[INFO] 15:03:45:486 muse/(9486:9486): SWAP_SIZE​: 1024
[INFO] 15:06:18:573 muse/(9561:9561): LISTEN_PORT: 5003
[INFO] 15:06:18:575 muse/(9561:9561): MEMORY_SIZE: 4096
[INFO] 15:06:18:575 muse/(9561:9561): PAGE_SIZE​: 32
[INFO] 15:06:18:575 muse/(9561:9561): SWAP_SIZE​: 1024
[INFO] 15:08:53:666 muse/(9664:9664): LISTEN_PORT: 5003
[INFO] 15:08:53:666 muse/(9664:9664): MEMORY_SIZE: 4096
[INFO] 15:08:53:666 muse/(9664:9664): PAGE_SIZE​: 32
[INFO] 15:08:53:666 muse/(9664:9664): SWAP_SIZE​: 1024
[INFO] 15:14:30:756 muse/(9833:9833): LISTEN_PORT: 5003
[INFO] 15:14:30:756 muse/(9833:9833): MEMORY_SIZE: 4096
[INFO] 15:14:30:756 muse/(9833:9833): PAGE_SIZE​: 32
[INFO] 15:14:30:756 muse/(9833:9833): SWAP_SIZE​: 1024
[INFO] 15:15:23:889 muse/(9876:9876): LISTEN_PORT: 5003
[INFO] 15:15:23:894 muse/(9876:9876): MEMORY_SIZE: 4096
[INFO] 15:15:23:895 muse/(9876:9876): PAGE_SIZE​: 32
[INFO] 15:15:23:895 muse/(9876:9876): SWAP_SIZE​: 1024
[INFO] 15:16:10:245 muse/(9914:9914): LISTEN_PORT: 5003
[INFO] 15:16:10:245 muse/(9914:9914): MEMORY_SIZE: 4096
[INFO] 15:16:10:246 muse/(9914:9914): PAGE_SIZE​: 32
[INFO] 15:16:10:246 muse/(9914:9914): SWAP_SIZE​: 1024
[INFO] 15:17:42:940 muse/(9963:9963): LISTEN_PORT: 5003
[INFO] 15:17:42:940 muse/(9963:9963): MEMORY_SIZE: 4096
[INFO] 15:17:42:940 muse/(9963:9963): PAGE_SIZE​: 32
[INFO] 15:17:42:940 muse/(9963:9963): SWAP_SIZE​: 1024
[INFO] 15:21:57:53 muse/(10088:10088): LISTEN_PORT: 5003
[INFO] 15:21:57:53 muse/(10088:10088): MEMORY_SIZE: 4096
[INFO] 15:21:57:53 muse/(10088:10088): PAGE_SIZE​: 32
[INFO] 15:21:57:53 muse/(10088:10088): SWAP_SIZE​: 1024
[INFO] 15:22:18:720 muse/(10130:10130): LISTEN_PORT: 5003
[INFO] 15:22:18:720 muse/(10130:10130): MEMORY_SIZE: 4096
[INFO] 15:22:18:720 muse/(10130:10130): PAGE_SIZE​: 32
[INFO] 15:22:18:721 muse/(10130:10130): SWAP_SIZE​: 1024
[INFO] 15:28:52:814 muse/(10284:10284): LISTEN_PORT: 5003
[INFO] 15:28:52:814 muse/(10284:10284): MEMORY_SIZE: 4096
[INFO] 15:28:52:814 muse/(10284:10284): PAGE_SIZE​: 32
[INFO] 15:28:52:814 muse/(10284:10284): SWAP_SIZE​: 1024
[INFO] 15:32:16:403 muse/(10361:10361): LISTEN_PORT: 5003
[INFO] 15:32:16:411 muse/(10361:10361): MEMORY_SIZE: 4096
[INFO] 15:32:16:411 muse/(10361:10361): PAGE_SIZE​: 32
[INFO] 15:32:16:411 muse/(10361:10361): SWAP_SIZE​: 1024
[INFO] 15:33:07:188 muse/(10411:10411): LISTEN_PORT: 5003
[INFO] 15:33:07:188 muse/(10411:10411): MEMORY_SIZE: 4096
[INFO] 15:33:07:188 muse/(10411:10411): PAGE_SIZE​: 32
[INFO] 15:33:07:188 muse/(10411:10411): SWAP_SIZE​: 1024
[INFO] 15:33:47:67 muse/(10432:10432): LISTEN_PORT: 5003
[INFO] 15:33:47:69 muse/(10432:10432): MEMORY_SIZE: 4096
[INFO] 15:33:47:69 muse/(10432:10432): PAGE_SIZE​: 32
[INFO] 15:33:47:70 muse/(10432:10432): SWAP_SIZE​: 1024
[INFO] 15:34:42:733 muse/(10469:10469): LISTEN_PORT: 5003
[INFO] 15:34:42:734 muse/(10469:10469): MEMORY_SIZE: 4096
[INFO] 15:34:42:734 muse/(10469:10469): PAGE_SIZE​: 32
[INFO] 15:34:42:734 muse/(10469:10469): SWAP_SIZE​: 1024
[INFO] 15:36:06:70 muse/(10513:10513): LISTEN_PORT: 5003
[INFO] 15:36:06:73 muse/(10513:10513): MEMORY_SIZE: 4096
[INFO] 15:36:06:73 muse/(10513:10513): PAGE_SIZE​: 32
[INFO] 15:36:06:76 muse/(10513:10513): SWAP_SIZE​: 1024
[INFO] 15:36:32:679 muse/(10548:10548): LISTEN_PORT: 5003
[INFO] 15:36:32:679 muse/(10548:10548): MEMORY_SIZE: 4096
[INFO] 15:36:32:679 muse/(10548:10548): PAGE_SIZE​: 32
[INFO] 15:36:32:679 muse/(10548:10548): SWAP_SIZE​: 1024
[INFO] 16:36:00:465 muse/(11892:11892): LISTEN_PORT: 5003
[INFO] 16:36:00:466 muse/(11892:11892): MEMORY_SIZE: 4096
[INFO] 16:36:00:466 muse/(11892:11892): PAGE_SIZE​: 32
[INFO] 16:36:00:466 muse/(11892:11892): SWAP_SIZE​: 1024
[INFO] 18:14:26:448 muse/(3585:3585): LISTEN_PORT: 5003
[INFO] 18:14:26:477 muse/(3585:3585): MEMORY_SIZE: 4096
[INFO] 18:14:26:477 muse/(3585:3585): PAGE_SIZE​: 32
[INFO] 18:14:26:477 muse/(3585:3585): SWAP_SIZE​: 1024
[INFO] 18:15:00:759 muse/(3653:3653): LISTEN_PORT: 5003
[INFO] 18:15:00:759 muse/(3653:3653): MEMORY_SIZE: 4096
[INFO] 18:15:00:759 muse/(3653:3653): PAGE_SIZE​: 32
[INFO] 18:15:00:759 muse/(3653:3653): SWAP_SIZE​: 1024
[INFO] 18:29:49:77 muse/(3850:3850): LISTEN_PORT: 5003
[INFO] 18:29:49:77 muse/(3850:3850): MEMORY_SIZE: 4096
[INFO] 18:29:49:77 muse/(3850:3850): PAGE_SIZE​: 32
[INFO] 18:29:49:78 muse/(3850:3850): SWAP_SIZE​: 1024
[INFO] 18:35:58:255 muse/(4079:4079): LISTEN_PORT: 5003
[INFO] 18:35:58:255 muse/(4079:4079): MEMORY_SIZE: 4096
[INFO] 18:35:58:255 muse/(4079:4079): PAGE_SIZE​: 32
[INFO] 18:35:58:255 muse/(4079:4079): SWAP_SIZE​: 1024
[INFO] 18:41:44:737 muse/(4337:4337): LISTEN_PORT: 5003
[INFO] 18:41:44:737 muse/(4337:4337): MEMORY_SIZE: 4096
[INFO] 18:41:44:737 muse/(4337:4337): PAGE_SIZE​: 32
[INFO] 18:41:44:737 muse/(4337:4337): SWAP_SIZE​: 1024
[INFO] 18:46:30:125 muse/(4424:4424): LISTEN_PORT: 5003
[INFO] 18:46:30:127 muse/(4424:4424): MEMORY_SIZE: 4096
[INFO] 18:46:30:127 muse/(4424:4424): PAGE_SIZE​: 32
[INFO] 18:46:30:127 muse/(4424:4424): SWAP_SIZE​: 1024
[INFO] 18:46:44:308 muse/(4463:4463): LISTEN_PORT: 5003
[INFO] 18:46:44:308 muse/(4463:4463): MEMORY_SIZE: 4096
[INFO] 18:46:44:308 muse/(4463:4463): PAGE_SIZE​: 32
[INFO] 18:46:44:308 muse/(4463:4463): SWAP_SIZE​: 1024
[INFO] 18:52:37:487 muse/(4688:4688): LISTEN_PORT: 5003
[INFO] 18:52:37:487 muse/(4688:4688): MEMORY_SIZE: 4096
[INFO] 18:52:37:488 muse/(4688:4688): PAGE_SIZE​: 32
[INFO] 18:52:37:488 muse/(4688:4688): SWAP_SIZE​: 1024
[INFO] 19:03:06:983 muse/(4943:4943): LISTEN_PORT: 5003
[INFO] 19:03:06:983 muse/(4943:4943): MEMORY_SIZE: 4096
[INFO] 19:03:06:984 muse/(4943:4943): PAGE_SIZE​: 32
[INFO] 19:03:06:984 muse/(4943:4943): SWAP_SIZE​: 1024
[INFO] 19:17:09:730 muse/(5267:5267): LISTEN_PORT: 5003
[INFO] 19:17:09:731 muse/(5267:5267): MEMORY_SIZE: 4096
[INFO] 19:17:09:731 muse/(5267:5267): PAGE_SIZE​: 32
[INFO] 19:17:09:731 muse/(5267:5267): SWAP_SIZE​: 1024
[INFO] 19:20:21:929 muse/(5410:5410): LISTEN_PORT: 5003
[INFO] 19:20:21:929 muse/(5410:5410): MEMORY_SIZE: 4096
[INFO] 19:20:21:929 muse/(5410:5410): PAGE_SIZE​: 32
[INFO] 19:20:21:929 muse/(5410:5410): SWAP_SIZE​: 1024
[INFO] 20:48:20:531 muse/(7421:7421): LISTEN_PORT: 5003
[INFO] 20:48:20:531 muse/(7421:7421): MEMORY_SIZE: 4096
[INFO] 20:48:20:531 muse/(7421:7421): PAGE_SIZE​: 32
[INFO] 20:48:20:532 muse/(7421:7421): SWAP_SIZE​: 1024
[INFO] 20:54:45:358 muse/(7591:7591): LISTEN_PORT: 5003
[INFO] 20:54:45:359 muse/(7591:7591): MEMORY_SIZE: 4096
[INFO] 20:54:45:359 muse/(7591:7591): PAGE_SIZE​: 32
[INFO] 20:54:45:359 muse/(7591:7591): SWAP_SIZE​: 1024
[INFO] 21:22:15:213 muse/(7895:7895): LISTEN_PORT: 5003
[INFO] 21:22:15:215 muse/(7895:7895): MEMORY_SIZE: 4096
[INFO] 21:22:15:217 muse/(7895:7895): PAGE_SIZE​: 32
[INFO] 21:22:15:217 muse/(7895:7895): SWAP_SIZE​: 1024
[INFO] 21:22:32:287 muse/(7931:7931): LISTEN_PORT: 5003
[INFO] 21:22:32:291 muse/(7931:7931): MEMORY_SIZE: 4096
[INFO] 21:22:32:291 muse/(7931:7931): PAGE_SIZE​: 32
[INFO] 21:22:32:292 muse/(7931:7931): SWAP_SIZE​: 1024
[INFO] 21:22:51:302 muse/(7966:7966): LISTEN_PORT: 5003
[INFO] 21:22:51:303 muse/(7966:7966): MEMORY_SIZE: 4096
[INFO] 21:22:51:303 muse/(7966:7966): PAGE_SIZE​: 32
[INFO] 21:22:51:303 muse/(7966:7966): SWAP_SIZE​: 1024
[INFO] 21:24:36:561 muse/(8050:8050): LISTEN_PORT: 5003
[INFO] 21:24:36:561 muse/(8050:8050): MEMORY_SIZE: 4096
[INFO] 21:24:36:561 muse/(8050:8050): PAGE_SIZE​: 32
[INFO] 21:24:36:561 muse/(8050:8050): SWAP_SIZE​: 1024
[INFO] 21:30:45:690 muse/(8265:8265): LISTEN_PORT: 5003
[INFO] 21:30:45:690 muse/(8265:8265): MEMORY_SIZE: 4096
[INFO] 21:30:45:690 muse/(8265:8265): PAGE_SIZE​: 32
[INFO] 21:30:45:691 muse/(8265:8265): SWAP_SIZE​: 1024
[INFO] 21:30:57:360 muse/(8302:8302): LISTEN_PORT: 5003
[INFO] 21:30:57:361 muse/(8302:8302): MEMORY_SIZE: 4096
[INFO] 21:30:57:362 muse/(8302:8302): PAGE_SIZE​: 32
[INFO] 21:30:57:362 muse/(8302:8302): SWAP_SIZE​: 1024
[INFO] 21:31:21:547 muse/(8354:8354): LISTEN_PORT: 5003
[INFO] 21:31:21:547 muse/(8354:8354): MEMORY_SIZE: 4096
[INFO] 21:31:21:547 muse/(8354:8354): PAGE_SIZE​: 32
[INFO] 21:31:21:547 muse/(8354:8354): SWAP_SIZE​: 1024
[INFO] 21:34:33:193 muse/(8488:8488): LISTEN_PORT: 5003
[INFO] 21:34:33:193 muse/(8488:8488): MEMORY_SIZE: 4096
[INFO] 21:34:33:193 muse/(8488:8488): PAGE_SIZE​: 32
[INFO] 21:34:33:193 muse/(8488:8488): SWAP_SIZE​: 1024
[INFO] 21:35:07:928 muse/(8544:8544): LISTEN_PORT: 5003
[INFO] 21:35:07:931 muse/(8544:8544): MEMORY_SIZE: 4096
[INFO] 21:35:07:931 muse/(8544:8544): PAGE_SIZE​: 32
[INFO] 21:35:07:931 muse/(8544:8544): SWAP_SIZE​: 1024
[INFO] 21:35:36:805 muse/(8593:8593): LISTEN_PORT: 5003
[INFO] 21:35:36:805 muse/(8593:8593): MEMORY_SIZE: 4096
[INFO] 21:35:36:805 muse/(8593:8593): PAGE_SIZE​: 32
[INFO] 21:35:36:805 muse/(8593:8593): SWAP_SIZE​: 1024
[INFO] 16:03:28:768 muse/(8889:8889): LISTEN_PORT: 5003
[INFO] 16:03:28:787 muse/(8889:8889): MEMORY_SIZE: 4096
[INFO] 16:03:28:787 muse/(8889:8889): PAGE_SIZE​: 32
[INFO] 16:03:28:787 muse/(8889:8889): SWAP_SIZE​: 1024
[INFO] 16:06:15:175 muse/(8994:8994): LISTEN_PORT: 5003
[INFO] 16:06:15:175 muse/(8994:8994): MEMORY_SIZE: 4096
[INFO] 16:06:15:175 muse/(8994:8994): PAGE_SIZE​: 32
[INFO] 16:06:15:175 muse/(8994:8994): SWAP_SIZE​: 1024
[INFO] 16:06:17:989 muse/(8994:8996): nuevo cliente, id: 127.0.0.1-8995
[INFO] 16:07:29:316 muse/(9057:9057): LISTEN_PORT: 5003
[INFO] 16:07:29:316 muse/(9057:9057): MEMORY_SIZE: 4096
[INFO] 16:07:29:316 muse/(9057:9057): PAGE_SIZE​: 32
[INFO] 16:07:29:316 muse/(9057:9057): SWAP_SIZE​: 1024
[INFO] 16:07:36:664 muse/(9057:9059): nuevo cliente, id: 127.0.0.1-9058
[INFO] 16:08:34:195 muse/(9109:9109): LISTEN_PORT: 5003
[INFO] 16:08:34:195 muse/(9109:9109): MEMORY_SIZE: 4096
[INFO] 16:08:34:195 muse/(9109:9109): PAGE_SIZE​: 32
[INFO] 16:08:34:195 muse/(9109:9109): SWAP_SIZE​: 1024
[INFO] 16:08:36:10 muse/(9109:9111): nuevo cliente, id: 127.0.0.1-9110
[INFO] 16:09:05:345 muse/(9144:9144): LISTEN_PORT: 5003
[INFO] 16:09:05:346 muse/(9144:9144): MEMORY_SIZE: 4096
[INFO] 16:09:05:346 muse/(9144:9144): PAGE_SIZE​: 32
[INFO] 16:09:05:346 muse/(9144:9144): SWAP_SIZE​: 1024
[INFO] 16:09:06:473 muse/(9144:9146): nuevo cliente, id: 127.0.0.1-9145
[INFO] 16:12:20:424 muse/(9335:9335): LISTEN_PORT: 5003
[INFO] 16:12:20:424 muse/(9335:9335): MEMORY_SIZE: 4096
[INFO] 16:12:20:424 muse/(9335:9335): PAGE_SIZE​: 32
[INFO] 16:12:20:424 muse/(9335:9335): SWAP_SIZE​: 1024
[INFO] 16:12:22:484 muse/(9335:9338): nuevo cliente, id: 127.0.0.1-9337
[INFO] 16:13:45:978 muse/(9394:9394): LISTEN_PORT: 5003
[INFO] 16:13:45:979 muse/(9394:9394): MEMORY_SIZE: 4096
[INFO] 16:13:45:979 muse/(9394:9394): PAGE_SIZE​: 32
[INFO] 16:13:45:979 muse/(9394:9394): SWAP_SIZE​: 1024
[INFO] 16:13:48:655 muse/(9394:9398): nuevo cliente, id: 127.0.0.1-9397
[INFO] 16:19:58:260 muse/(9394:9471): nuevo cliente, id: 127.0.0.1-9470
[INFO] 16:20:09:172 muse/(9394:9473): nuevo cliente, id: 127.0.0.1-9472
[INFO] 16:20:10:292 muse/(9394:9477): nuevo cliente, id: 127.0.0.1-9476
[INFO] 16:20:26:407 muse/(9394:9492): nuevo cliente, id: 127.0.0.1-9491
[INFO] 16:20:39:753 muse/(9500:9500): LISTEN_PORT: 5003
[INFO] 16:20:39:753 muse/(9500:9500): MEMORY_SIZE: 4096
[INFO] 16:20:39:753 muse/(9500:9500): PAGE_SIZE​: 32
[INFO] 16:20:39:753 muse/(9500:9500): SWAP_SIZE​: 1024
[INFO] 16:20:41:175 muse/(9500:9502): nuevo cliente, id: 127.0.0.1-9501
[INFO] 16:20:43:860 muse/(9500:9504): nuevo cliente, id: 127.0.0.1-9503
[INFO] 16:20:45:829 muse/(9500:9506): nuevo cliente, id: 127.0.0.1-9505
[INFO] 16:20:46:748 muse/(9500:9508): nuevo cliente, id: 127.0.0.1-9507
[INFO] 16:20:47:409 muse/(9500:9510): nuevo cliente, id: 127.0.0.1-9509
[INFO] 16:32:35:275 muse/(9832:9832): LISTEN_PORT: 5003
[INFO] 16:32:35:300 muse/(9832:9832): MEMORY_SIZE: 4096
[INFO] 16:32:35:303 muse/(9832:9832): PAGE_SIZE​: 32
[INFO] 16:32:35:303 muse/(9832:9832): SWAP_SIZE​: 1024
[INFO] 16:33:08:40 muse/(9832:9840): nuevo cliente, id: 127.0.0.1-9839
[INFO] 16:37:11:0 muse/(10198:10198): LISTEN_PORT: 5003
[INFO] 16:37:12:30 muse/(10198:10198): MEMORY_SIZE: 4096
[INFO] 16:37:12:35 muse/(10198:10198): PAGE_SIZE​: 32
[INFO] 16:37:12:41 muse/(10198:10198): SWAP_SIZE​: 1024
[INFO] 16:37:14:869 muse/(10198:10204): nuevo cliente, id: 127.0.0.1-10203
[INFO] 16:44:13:271 muse/(10406:10406): LISTEN_PORT: 5003
[INFO] 16:44:13:322 muse/(10406:10406): MEMORY_SIZE: 4096
[INFO] 16:44:13:326 muse/(10406:10406): PAGE_SIZE​: 32
[INFO] 16:44:13:328 muse/(10406:10406): SWAP_SIZE​: 1024
[INFO] 16:44:14:731 muse/(10406:10412): nuevo cliente, id: 127.0.0.1-10411
[INFO] 16:46:38:920 muse/(10530:10530): LISTEN_PORT: 5003
[INFO] 16:46:38:988 muse/(10530:10530): MEMORY_SIZE: 4096
[INFO] 16:46:38:992 muse/(10530:10530): PAGE_SIZE​: 32
[INFO] 16:46:38:994 muse/(10530:10530): SWAP_SIZE​: 1024
[INFO] 16:46:41:823 muse/(10530:10535): nuevo cliente, id: 127.0.0.1-10534
[INFO] 16:49:10:624 muse/(10605:10605): LISTEN_PORT: 5003
[INFO] 16:49:10:683 muse/(10605:10605): MEMORY_SIZE: 4096
[INFO] 16:49:10:686 muse/(10605:10605): PAGE_SIZE​: 32
[INFO] 16:49:10:688 muse/(10605:10605): SWAP_SIZE​: 1024
[INFO] 16:49:11:951 muse/(10605:10616): nuevo cliente, id: 127.0.0.1-10615
[INFO] 17:13:50:914 muse/(11189:11189): LISTEN_PORT: 5003
[INFO] 17:13:50:973 muse/(11189:11189): MEMORY_SIZE: 4096
[INFO] 17:13:50:979 muse/(11189:11189): PAGE_SIZE​: 32
[INFO] 17:13:50:981 muse/(11189:11189): SWAP_SIZE​: 1024
[INFO] 17:13:50:986 muse/(11189:11189): IP: 127.0.0.1
[INFO] 17:13:53:235 muse/(11189:11191): nuevo cliente, id: 127.0.0.1-11190
[INFO] 17:16:06:59 muse/(11264:11264): LISTEN_PORT: 5003
[INFO] 17:16:07:119 muse/(11264:11264): MEMORY_SIZE: 4096
[INFO] 17:16:07:129 muse/(11264:11264): PAGE_SIZE​: 32
[INFO] 17:16:07:133 muse/(11264:11264): SWAP_SIZE​: 1024
[INFO] 17:16:07:144 muse/(11264:11264): IP: 127.0.0.1
[INFO] 17:16:11:899 muse/(11264:11274): nuevo cliente, id: 127.0.0.1-11273
[INFO] 17:17:59:526 muse/(11365:11365): LISTEN_PORT: 5003
[INFO] 17:17:59:563 muse/(11365:11365): MEMORY_SIZE: 4096
[INFO] 17:17:59:567 muse/(11365:11365): PAGE_SIZE​: 32
[INFO] 17:17:59:568 muse/(11365:11365): SWAP_SIZE​: 1024
[INFO] 17:17:59:570 muse/(11365:11365): IP: 127.0.0.1
[INFO] 17:18:01:935 muse/(11365:11367): nuevo cliente, id: 127.0.0.1-11366
[INFO] 18:25:32:535 muse/(13741:13741): LISTEN_PORT: 5003
[INFO] 18:25:32:584 muse/(13741:13741): MEMORY_SIZE: 4096
[INFO] 18:25:32:589 muse/(13741:13741): PAGE_SIZE​: 32
[INFO] 18:25:32:590 muse/(13741:13741): SWAP_SIZE​: 1024
[INFO] 18:25:32:592 muse/(13741:13741): IP: 127.0.0.1
[INFO] 18:25:34:876 muse/(13741:13747): nuevo cliente, id: 127.0.0.1-13746
[INFO] 16:45:10:900 muse/(7231:7231): LISTEN_PORT: 5003
[INFO] 16:45:10:943 muse/(7231:7231): MEMORY_SIZE: 4096
[INFO] 16:45:10:946 muse/(7231:7231): PAGE_SIZE​: 32
[INFO] 16:45:10:947 muse/(7231:7231): SWAP_SIZE​: 1024
[INFO] 16:45:10:947 muse/(7231:7231): IP: 127.0.0.1
[INFO] 16:51:34:781 muse/(7807:7807): LISTEN_PORT: 5003
[INFO] 16:51:34:802 muse/(7807:7807): MEMORY_SIZE: 4096
[INFO] 16:51:34:805 muse/(7807:7807): PAGE_SIZE​: 32
[INFO] 16:51:34:805 muse/(7807:7807): SWAP_SIZE​: 1024
[INFO] 16:51:34:806 muse/(7807:7807): IP: 127.0.0.1
[INFO] 16:54:17:654 muse/(8265:8265): LISTEN_PORT: 5003
[INFO] 16:54:17:687 muse/(8265:8265): MEMORY_SIZE: 4096
[INFO] 16:54:17:690 muse/(8265:8265): PAGE_SIZE​: 32
[INFO] 16:54:17:692 muse/(8265:8265): SWAP_SIZE​: 1024
[INFO] 16:54:17:694 muse/(8265:8265): IP: 127.0.0.1
[INFO] 16:54:58:490 muse/(8335:8335): LISTEN_PORT: 5003
[INFO] 16:54:58:569 muse/(8335:8335): MEMORY_SIZE: 4096
[INFO] 16:54:58:573 muse/(8335:8335): PAGE_SIZE​: 32
[INFO] 16:54:58:574 muse/(8335:8335): SWAP_SIZE​: 1024
[INFO] 16:54:58:576 muse/(8335:8335): IP: 127.0.0.1
[INFO] 16:55:57:763 muse/(8418:8418): LISTEN_PORT: 5003
[INFO] 16:55:57:814 muse/(8418:8418): MEMORY_SIZE: 4096
[INFO] 16:55:57:818 muse/(8418:8418): PAGE_SIZE​: 32
[INFO] 16:55:57:821 muse/(8418:8418): SWAP_SIZE​: 1024
[INFO] 16:55:57:826 muse/(8418:8418): IP: 127.0.0.1
[INFO] 16:56:38:825 muse/(8478:8478): LISTEN_PORT: 5003
[INFO] 16:56:38:898 muse/(8478:8478): MEMORY_SIZE: 4096
[INFO] 16:56:38:904 muse/(8478:8478): PAGE_SIZE​: 32
[INFO] 16:56:38:914 muse/(8478:8478): SWAP_SIZE​: 1024
[INFO] 16:56:38:916 muse/(8478:8478): IP: 127.0.0.1
[INFO] 16:57:39:7 muse/(8599:8599): LISTEN_PORT: 5003
[INFO] 16:57:40:40 muse/(8599:8599): MEMORY_SIZE: 4096
[INFO] 16:57:40:45 muse/(8599:8599): PAGE_SIZE​: 32
[INFO] 16:57:40:49 muse/(8599:8599): SWAP_SIZE​: 1024
[INFO] 16:57:40:55 muse/(8599:8599): IP: 127.0.0.1
[INFO] 15:26:23:643 muse/(10070:10070): LISTEN_PORT: 5003
[INFO] 15:26:23:730 muse/(10070:10070): MEMORY_SIZE: 4096
[INFO] 15:26:23:731 muse/(10070:10070): PAGE_SIZE​: 32
[INFO] 15:26:23:731 muse/(10070:10070): SWAP_SIZE​: 1024
[INFO] 15:26:23:731 muse/(10070:10070): IP: 127.0.0.1
[INFO] 15:28:19:841 muse/(10070:10234): nuevo cliente, id: 127.0.0.1-10233
[INFO] 15:28:52:961 muse/(10235:10235): LISTEN_PORT: 5003
[INFO] 15:28:52:961 muse/(10235:10235): MEMORY_SIZE: 4096
[INFO] 15:28:52:961 muse/(10235:10235): PAGE_SIZE​: 32
[INFO] 15:28:52:961 muse/(10235:10235): SWAP_SIZE​: 1024
[INFO] 15:28:52:961 muse/(10235:10235): IP: 127.0.0.1
[INFO] 15:28:54:666 muse/(10235:10237): nuevo cliente, id: 127.0.0.1-10236
[INFO] 15:41:56:456 muse/(10424:10424): LISTEN_PORT: 5003
[INFO] 15:41:56:456 muse/(10424:10424): MEMORY_SIZE: 4096
[INFO] 15:41:56:456 muse/(10424:10424): PAGE_SIZE​: 32
[INFO] 15:41:56:456 muse/(10424:10424): SWAP_SIZE​: 1024
[INFO] 15:41:56:456 muse/(10424:10424): IP: 127.0.0.1
[INFO] 15:41:58:456 muse/(10424:10426): nuevo cliente, id: 127.0.0.1-10425
[INFO] 15:45:47:928 muse/(10508:10508): LISTEN_PORT: 5003
[INFO] 15:45:47:928 muse/(10508:10508): MEMORY_SIZE: 4096
[INFO] 15:45:47:928 muse/(10508:10508): PAGE_SIZE​: 32
[INFO] 15:45:47:928 muse/(10508:10508): SWAP_SIZE​: 1024
[INFO] 15:45:47:929 muse/(10508:10508): IP: 127.0.0.1
[INFO] 15:45:49:921 muse/(10508:10510): nuevo cliente, id: 127.0.0.1-10509
[INFO] 15:46:16:656 muse/(10508:10514): nuevo cliente, id: 127.0.0.1-10513
[INFO] 15:46:19:814 muse/(10508:10521): nuevo cliente, id: 127.0.0.1-10520
[INFO] 15:46:23:954 muse/(10508:10523): nuevo cliente, id: 127.0.0.1-10522
[INFO] 15:46:24:594 muse/(10508:10525): nuevo cliente, id: 127.0.0.1-10524
[INFO] 15:46:33:22 muse/(10529:10529): LISTEN_PORT: 5003
[INFO] 15:46:33:22 muse/(10529:10529): MEMORY_SIZE: 4096
[INFO] 15:46:33:22 muse/(10529:10529): PAGE_SIZE​: 32
[INFO] 15:46:33:22 muse/(10529:10529): SWAP_SIZE​: 1024
[INFO] 15:46:33:22 muse/(10529:10529): IP: 127.0.0.1
[INFO] 15:46:36:734 muse/(10529:10531): nuevo cliente, id: 127.0.0.1-10530
[INFO] 15:46:37:659 muse/(10529:10533): nuevo cliente, id: 127.0.0.1-10532
[INFO] 15:46:38:591 muse/(10529:10535): nuevo cliente, id: 127.0.0.1-10534
[INFO] 15:46:39:740 muse/(10529:10537): nuevo cliente, id: 127.0.0.1-10536
[INFO] 15:46:42:766 muse/(10529:10540): nuevo cliente, id: 127.0.0.1-10539
[INFO] 20:33:45:60 muse/(14528:14528): LISTEN_PORT: 5003
[INFO] 20:33:45:60 muse/(14528:14528): MEMORY_SIZE: 4096
[INFO] 20:33:45:60 muse/(14528:14528): PAGE_SIZE​: 32
[INFO] 20:33:45:60 muse/(14528:14528): SWAP_SIZE​: 1024
[INFO] 20:33:45:60 muse/(14528:14528): IP: 127.0.0.1
[INFO] 20:33:46:567 muse/(14528:14530): nuevo cliente, id: 127.0.0.1-14529
[INFO] 20:34:49:103 muse/(14528:14617): nuevo cliente, id: 127.0.0.1-14616
[INFO] 20:51:29:524 muse/(12261:12261): LISTEN_PORT: 5003
[INFO] 20:51:29:772 muse/(12261:12261): MEMORY_SIZE: 4096
[INFO] 20:51:29:772 muse/(12261:12261): PAGE_SIZE​: 32
[INFO] 20:51:29:772 muse/(12261:12261): SWAP_SIZE​: 1024
[INFO] 20:51:29:772 muse/(12261:12261): IP: 127.0.0.1
[INFO] 20:51:36:748 muse/(12261:12264): nuevo cliente, id: 127.0.0.1-12263
[INFO] 12:43:47:919 muse/(5323:5323): LISTEN_PORT: 5003
[INFO] 12:43:48:47 muse/(5323:5323): MEMORY_SIZE: 4096
[INFO] 12:43:48:48 muse/(5323:5323): PAGE_SIZE​: 32
[INFO] 12:43:48:48 muse/(5323:5323): SWAP_SIZE​: 1024
[INFO] 12:43:48:49 muse/(5323:5323): IP: 127.0.0.1
[INFO] 12:50:16:237 muse/(5568:5568): LISTEN_PORT: 5003
[INFO] 12:50:16:238 muse/(5568:5568): MEMORY_SIZE: 4096
[INFO] 12:50:16:238 muse/(5568:5568): PAGE_SIZE​: 32
[INFO] 12:50:16:238 muse/(5568:5568): SWAP_SIZE​: 1024
[INFO] 12:50:16:238 muse/(5568:5568): IP: 127.0.0.1
[INFO] 12:52:16:587 muse/(5648:5648): LISTEN_PORT: 5003
[INFO] 12:52:16:588 muse/(5648:5648): MEMORY_SIZE: 4096
[INFO] 12:52:16:588 muse/(5648:5648): PAGE_SIZE​: 32
[INFO] 12:52:16:588 muse/(5648:5648): SWAP_SIZE​: 1024
[INFO] 12:52:16:588 muse/(5648:5648): IP: 127.0.0.1
[INFO] 12:55:16:148 muse/(5760:5760): LISTEN_PORT: 5003
[INFO] 12:55:16:153 muse/(5760:5760): MEMORY_SIZE: 4096
[INFO] 12:55:16:154 muse/(5760:5760): PAGE_SIZE​: 32
[INFO] 12:55:16:154 muse/(5760:5760): SWAP_SIZE​: 1024
[INFO] 12:55:16:154 muse/(5760:5760): IP: 127.0.0.1
[INFO] 12:55:49:87 muse/(5804:5804): LISTEN_PORT: 5003
[INFO] 12:55:49:92 muse/(5804:5804): MEMORY_SIZE: 4096
[INFO] 12:55:49:92 muse/(5804:5804): PAGE_SIZE​: 32
[INFO] 12:55:49:92 muse/(5804:5804): SWAP_SIZE​: 1024
[INFO] 12:55:49:92 muse/(5804:5804): IP: 127.0.0.1
[INFO] 12:56:15:36 muse/(5842:5842): LISTEN_PORT: 5003
[INFO] 12:56:15:43 muse/(5842:5842): MEMORY_SIZE: 4096
[INFO] 12:56:15:43 muse/(5842:5842): PAGE_SIZE​: 32
[INFO] 12:56:15:44 muse/(5842:5842): SWAP_SIZE​: 1024
[INFO] 12:56:15:44 muse/(5842:5842): IP: 127.0.0.1
[INFO] 12:58:24:379 muse/(5945:5945): LISTEN_PORT: 5003
[INFO] 12:58:24:385 muse/(5945:5945): MEMORY_SIZE: 4096
[INFO] 12:58:24:386 muse/(5945:5945): PAGE_SIZE​: 32
[INFO] 12:58:24:386 muse/(5945:5945): SWAP_SIZE​: 1024
[INFO] 12:58:24:386 muse/(5945:5945): IP: 127.0.0.1
[INFO] 12:58:40:567 muse/(5969:5969): LISTEN_PORT: 5003
[INFO] 12:58:40:567 muse/(5969:5969): MEMORY_SIZE: 4096
[INFO] 12:58:40:567 muse/(5969:5969): PAGE_SIZE​: 32
[INFO] 12:58:40:567 muse/(5969:5969): SWAP_SIZE​: 1024
[INFO] 12:58:40:567 muse/(5969:5969): IP: 127.0.0.1
[INFO] 13:01:50:823 muse/(6194:6194): LISTEN_PORT: 5003
[INFO] 13:01:50:826 muse/(6194:6194): MEMORY_SIZE: 4096
[INFO] 13:01:50:826 muse/(6194:6194): PAGE_SIZE​: 32
[INFO] 13:01:50:827 muse/(6194:6194): SWAP_SIZE​: 1024
[INFO] 13:01:50:827 muse/(6194:6194): IP: 127.0.0.1
[INFO] 13:02:21:909 muse/(6258:6258): LISTEN_PORT: 5003
[INFO] 13:02:21:911 muse/(6258:6258): MEMORY_SIZE: 4096
[INFO] 13:02:21:911 muse/(6258:6258): PAGE_SIZE​: 32
[INFO] 13:02:21:911 muse/(6258:6258): SWAP_SIZE​: 1024
[INFO] 13:02:21:911 muse/(6258:6258): IP: 127.0.0.1
[INFO] 13:04:10:311 muse/(6336:6336): LISTEN_PORT: 5003
[INFO] 13:04:10:317 muse/(6336:6336): MEMORY_SIZE: 4096
[INFO] 13:04:10:318 muse/(6336:6336): PAGE_SIZE​: 32
[INFO] 13:04:10:318 muse/(6336:6336): SWAP_SIZE​: 1024
[INFO] 13:04:10:318 muse/(6336:6336): IP: 127.0.0.1
[INFO] 13:04:10:318 muse/(6336:6336): path swap: /home/utnso/tp-2019-2c-SOcorro/memoria/muse/
[INFO] 13:04:31:993 muse/(6453:6453): LISTEN_PORT: 5003
[INFO] 13:04:31:993 muse/(6453:6453): MEMORY_SIZE: 4096
[INFO] 13:04:31:994 muse/(6453:6453): PAGE_SIZE​: 32
[INFO] 13:04:31:994 muse/(6453:6453): SWAP_SIZE​: 1024
[INFO] 13:04:31:994 muse/(6453:6453): IP: 127.0.0.1
[INFO] 13:06:15:301 muse/(6522:6522): LISTEN_PORT: 5003
[INFO] 13:06:15:310 muse/(6522:6522): MEMORY_SIZE: 4096
[INFO] 13:06:15:310 muse/(6522:6522): PAGE_SIZE​: 32
[INFO] 13:06:15:310 muse/(6522:6522): SWAP_SIZE​: 1024
[INFO] 13:06:15:310 muse/(6522:6522): IP: 127.0.0.1
[INFO] 13:06:15:310 muse/(6522:6522): path swap: /home/utnso/tp-2019-2c-SOcorro/memoria/muse/
[INFO] 13:06:22:885 muse/(6529:6529): LISTEN_PORT: 5003
[INFO] 13:06:22:888 muse/(6529:6529): MEMORY_SIZE: 4096
[INFO] 13:06:22:889 muse/(6529:6529): PAGE_SIZE​: 32
[INFO] 13:06:22:889 muse/(6529:6529): SWAP_SIZE​: 1024
[INFO] 13:06:22:889 muse/(6529:6529): IP: 127.0.0.1
[INFO] 13:10:13:537 muse/(6647:6647): LISTEN_PORT: 5003
[INFO] 13:10:13:544 muse/(6647:6647): MEMORY_SIZE: 4096
[INFO] 13:10:13:544 muse/(6647:6647): PAGE_SIZE​: 32
[INFO] 13:10:13:544 muse/(6647:6647): SWAP_SIZE​: 1024
[INFO] 13:10:13:544 muse/(6647:6647): IP: 127.0.0.1
[INFO] 13:10:13:544 muse/(6647:6647): path swap: /Debug
[INFO] 13:10:29:698 muse/(6692:6692): LISTEN_PORT: 5003
[INFO] 13:10:29:702 muse/(6692:6692): MEMORY_SIZE: 4096
[INFO] 13:10:29:702 muse/(6692:6692): PAGE_SIZE​: 32
[INFO] 13:10:29:702 muse/(6692:6692): SWAP_SIZE​: 1024
[INFO] 13:10:29:702 muse/(6692:6692): IP: 127.0.0.1
[INFO] 13:10:29:702 muse/(6692:6692): path swap: Debug/
[INFO] 13:10:45:825 muse/(6812:6812): LISTEN_PORT: 5003
[INFO] 13:10:45:825 muse/(6812:6812): MEMORY_SIZE: 4096
[INFO] 13:10:45:825 muse/(6812:6812): PAGE_SIZE​: 32
[INFO] 13:10:45:826 muse/(6812:6812): SWAP_SIZE​: 1024
[INFO] 13:10:45:826 muse/(6812:6812): IP: 127.0.0.1
[INFO] 13:10:45:826 muse/(6812:6812): path swap: muse.c/
[INFO] 13:11:29:893 muse/(6851:6851): LISTEN_PORT: 5003
[INFO] 13:11:29:896 muse/(6851:6851): MEMORY_SIZE: 4096
[INFO] 13:11:29:897 muse/(6851:6851): PAGE_SIZE​: 32
[INFO] 13:11:29:897 muse/(6851:6851): SWAP_SIZE​: 1024
[INFO] 13:11:29:897 muse/(6851:6851): IP: 127.0.0.1
[INFO] 13:11:29:897 muse/(6851:6851): path swap: /muse.c
[INFO] 13:12:19:392 muse/(7015:7015): LISTEN_PORT: 5003
[INFO] 13:12:19:392 muse/(7015:7015): MEMORY_SIZE: 4096
[INFO] 13:12:19:392 muse/(7015:7015): PAGE_SIZE​: 32
[INFO] 13:12:19:393 muse/(7015:7015): SWAP_SIZE​: 1024
[INFO] 13:12:19:393 muse/(7015:7015): IP: 127.0.0.1
[INFO] 13:12:19:393 muse/(7015:7015): aux: muse.c
[INFO] 13:12:19:393 muse/(7015:7015): path swap: /muse.c
[INFO] 13:12:49:412 muse/(7056:7056): LISTEN_PORT: 5003
[INFO] 13:12:49:418 muse/(7056:7056): MEMORY_SIZE: 4096
[INFO] 13:12:49:418 muse/(7056:7056): PAGE_SIZE​: 32
[INFO] 13:12:49:418 muse/(7056:7056): SWAP_SIZE​: 1024
[INFO] 13:12:49:418 muse/(7056:7056): IP: 127.0.0.1
[INFO] 13:12:49:419 muse/(7056:7056): argv1: muse.config
[INFO] 13:12:49:419 muse/(7056:7056): aux: muse.c
[INFO] 13:12:49:419 muse/(7056:7056): path swap: /muse.c
[INFO] 13:16:27:455 muse/(7137:7137): LISTEN_PORT: 5003
[INFO] 13:16:27:459 muse/(7137:7137): MEMORY_SIZE: 4096
[INFO] 13:16:27:459 muse/(7137:7137): PAGE_SIZE​: 32
[INFO] 13:16:27:459 muse/(7137:7137): SWAP_SIZE​: 1024
[INFO] 13:16:27:459 muse/(7137:7137): IP: 127.0.0.1
[INFO] 13:16:27:460 muse/(7137:7137): path swap: muse.config
[INFO] 13:16:48:398 muse/(7170:7170): LISTEN_PORT: 5003
[INFO] 13:16:48:401 muse/(7170:7170): MEMORY_SIZE: 4096
[INFO] 13:16:48:402 muse/(7170:7170): PAGE_SIZE​: 32
[INFO] 13:16:48:402 muse/(7170:7170): SWAP_SIZE​: 1024
[INFO] 13:16:48:402 muse/(7170:7170): IP: 127.0.0.1
[INFO] 13:16:48:402 muse/(7170:7170): path swap: Debug/
[INFO] 13:17:01:113 muse/(7215:7215): LISTEN_PORT: 5003
[INFO] 13:17:01:117 muse/(7215:7215): MEMORY_SIZE: 4096
[INFO] 13:17:01:117 muse/(7215:7215): PAGE_SIZE​: 32
[INFO] 13:17:01:117 muse/(7215:7215): SWAP_SIZE​: 1024
[INFO] 13:17:01:117 muse/(7215:7215): IP: 127.0.0.1
[INFO] 13:17:01:117 muse/(7215:7215): path swap: muse.c/
[INFO] 13:18:09:246 muse/(7263:7263): LISTEN_PORT: 5003
[INFO] 13:18:09:252 muse/(7263:7263): MEMORY_SIZE: 4096
[INFO] 13:18:09:252 muse/(7263:7263): PAGE_SIZE​: 32
[INFO] 13:18:09:252 muse/(7263:7263): SWAP_SIZE​: 1024
[INFO] 13:18:09:253 muse/(7263:7263): IP: 127.0.0.1
[INFO] 13:18:09:253 muse/(7263:7263): path swap: Debug/
[INFO] 19:30:17:829 muse/(10941:10941): LISTEN_PORT: 5003
[INFO] 19:30:17:833 muse/(10941:10941): MEMORY_SIZE: 4096
[INFO] 19:30:17:833 muse/(10941:10941): PAGE_SIZE​: 32
[INFO] 19:30:17:833 muse/(10941:10941): SWAP_SIZE​: 1024
[INFO] 19:30:17:833 muse/(10941:10941): IP: 127.0.0.1
[INFO] 19:30:17:833 muse/(10941:10941): almost
[INFO] 19:30:17:833 muse/(10941:10941): path swap: /home/utnso/tp-2019-2c-SOcorro/memoria/muse/Debug/SwappingArea
[INFO] 19:49:01:131 muse/(11243:11243): LISTEN_PORT: 5003
[INFO] 19:49:01:132 muse/(11243:11243): MEMORY_SIZE: 4096
[INFO] 19:49:01:132 muse/(11243:11243): PAGE_SIZE​: 32
[INFO] 19:49:01:132 muse/(11243:11243): SWAP_SIZE​: 1024
[INFO] 19:49:01:132 muse/(11243:11243): IP: 127.0.0.1
[INFO] 19:49:10:748 muse/(11243:11243): almost
[INFO] 19:49:18:199 muse/(11243:11243): path swap: /home/utnso/tp-2019-2c-SOcorro/memoria/muse/Debug/SwappingArea
[INFO] 19:58:07:811 muse/(11740:11740): LISTEN_PORT: 5003
[INFO] 19:58:07:815 muse/(11740:11740): MEMORY_SIZE: 4096
[INFO] 19:58:07:816 muse/(11740:11740): PAGE_SIZE​: 32
[INFO] 19:58:07:816 muse/(11740:11740): SWAP_SIZE​: 1024
[INFO] 19:58:07:816 muse/(11740:11740): IP: 127.0.0.1
[INFO] 19:58:07:816 muse/(11740:11740): almost
[INFO] 19:58:07:816 muse/(11740:11740): path swap: /home/utnso/tp-2019-2c-SOcorro/memoria/muse/Debug/SwappingArea
[INFO] 19:58:22:938 muse/(11778:11778): LISTEN_PORT: 5003
[INFO] 19:58:22:942 muse/(11778:11778): MEMORY_SIZE: 4096
[INFO] 19:58:22:943 muse/(11778:11778): PAGE_SIZE​: 32
[INFO] 19:58:22:943 muse/(11778:11778): SWAP_SIZE​: 1024
[INFO] 19:58:22:943 muse/(11778:11778): IP: 127.0.0.1
[INFO] 19:58:22:943 muse/(11778:11778): almost
[INFO] 19:58:22:943 muse/(11778:11778): path swap: /home/utnso/tp-2019-2c-SOcorro/memoria/muse/Debug/SwappingArea
[INFO] 19:58:36:950 muse/(11806:11806): LISTEN_PORT: 5003
[INFO] 19:58:36:951 muse/(11806:11806): MEMORY_SIZE: 4096
[INFO] 19:58:36:951 muse/(11806:11806): PAGE_SIZE​: 32
[INFO] 19:58:36:951 muse/(11806:11806): SWAP_SIZE​: 1024
[INFO] 19:58:36:951 muse/(11806:11806): IP: 127.0.0.1
[INFO] 19:58:37:105 muse/(11806:11806): almost
[INFO] 19:58:37:105 muse/(11806:11806): path swap: /home/utnso/tp-2019-2c-SOcorro/memoria/muse/Debug/SwappingArea
[INFO] 19:59:25:776 muse/(11905:11905): LISTEN_PORT: 5003
[INFO] 19:59:25:777 muse/(11905:11905): MEMORY_SIZE: 4096
[INFO] 19:59:25:777 muse/(11905:11905): PAGE_SIZE​: 32
[INFO] 19:59:25:777 muse/(11905:11905): SWAP_SIZE​: 1024
[INFO] 19:59:25:777 muse/(11905:11905): IP: 127.0.0.1
[INFO] 19:59:25:914 muse/(11905:11905): almost
[INFO] 19:59:25:914 muse/(11905:11905): path swap: /home/utnso/tp-2019-2c-SOcorro/memoria/muse/Debug/SwappingArea
[INFO] 20:02:51:764 muse/(12057:12057): LISTEN_PORT: 5003
[INFO] 20:02:51:767 muse/(12057:12057): MEMORY_SIZE: 4096
[INFO] 20:02:51:768 muse/(12057:12057): PAGE_SIZE​: 32
[INFO] 20:02:51:768 muse/(12057:12057): SWAP_SIZE​: 1024
[INFO] 20:02:51:768 muse/(12057:12057): IP: 127.0.0.1
[INFO] 20:02:51:768 muse/(12057:12057): almost
[INFO] 20:02:51:768 muse/(12057:12057): path swap: /home/utnso/tp-2019-2c-SOcorro/memoria/muse/Debug/SwappingArea
[INFO] 20:03:12:617 muse/(12117:12117): LISTEN_PORT: 5003
[INFO] 20:03:12:621 muse/(12117:12117): MEMORY_SIZE: 4096
[INFO] 20:03:12:621 muse/(12117:12117): PAGE_SIZE​: 32
[INFO] 20:03:12:621 muse/(12117:12117): SWAP_SIZE​: 1024
[INFO] 20:03:12:621 muse/(12117:12117): IP: 127.0.0.1
[INFO] 20:03:12:621 muse/(12117:12117): almost
[INFO] 20:03:12:621 muse/(12117:12117): path swap: /home/utnso/tp-2019-2c-SOcorro/memoria/muse/Debug/SwappingArea
[INFO] 20:04:18:167 muse/(12166:12166): LISTEN_PORT: 5003
[INFO] 20:04:18:174 muse/(12166:12166): MEMORY_SIZE: 4096
[INFO] 20:04:18:175 muse/(12166:12166): PAGE_SIZE​: 32
[INFO] 20:04:18:175 muse/(12166:12166): SWAP_SIZE​: 1024
[INFO] 20:04:18:175 muse/(12166:12166): IP: 127.0.0.1
[INFO] 20:04:18:175 muse/(12166:12166): almost
[INFO] 20:04:18:175 muse/(12166:12166): path swap: /home/utnso/tp-2019-2c-SOcorro/memoria/muse/Debug/SwappingArea
[INFO] 20:04:41:787 muse/(12207:12207): LISTEN_PORT: 5003
[INFO] 20:04:41:790 muse/(12207:12207): MEMORY_SIZE: 4096
[INFO] 20:04:41:790 muse/(12207:12207): PAGE_SIZE​: 32
[INFO] 20:04:41:790 muse/(12207:12207): SWAP_SIZE​: 1024
[INFO] 20:04:41:790 muse/(12207:12207): IP: 127.0.0.1
[INFO] 20:04:41:791 muse/(12207:12207): almost
[INFO] 20:04:41:791 muse/(12207:12207): path swap: /home/utnso/tp-2019-2c-SOcorro/memoria/muse/Debug/SwappingArea
[INFO] 20:05:08:630 muse/(12255:12255): LISTEN_PORT: 5003
[INFO] 20:05:08:631 muse/(12255:12255): MEMORY_SIZE: 4096
[INFO] 20:05:08:631 muse/(12255:12255): PAGE_SIZE​: 32
[INFO] 20:05:08:631 muse/(12255:12255): SWAP_SIZE​: 1024
[INFO] 20:05:08:631 muse/(12255:12255): IP: 127.0.0.1
[INFO] 20:05:11:83 muse/(12255:12255): almost
[INFO] 20:05:11:83 muse/(12255:12255): path swap: /home/utnso/tp-2019-2c-SOcorro/memoria/muse/Debug/SwappingArea
[INFO] 20:05:37:311 muse/(12338:12338): LISTEN_PORT: 5003
[INFO] 20:05:37:315 muse/(12338:12338): MEMORY_SIZE: 4096
[INFO] 20:05:37:315 muse/(12338:12338): PAGE_SIZE​: 32
[INFO] 20:05:37:315 muse/(12338:12338): SWAP_SIZE​: 1024
[INFO] 20:05:37:315 muse/(12338:12338): IP: 127.0.0.1
[INFO] 20:05:37:315 muse/(12338:12338): almost
[INFO] 20:05:37:315 muse/(12338:12338): path swap: /home/utnso/tp-2019-2c-SOcorro/memoria/muse/Debug/SwappingArea
[INFO] 20:06:39:137 muse/(12391:12391): LISTEN_PORT: 5003
[INFO] 20:06:39:139 muse/(12391:12391): MEMORY_SIZE: 4096
[INFO] 20:06:39:139 muse/(12391:12391): PAGE_SIZE​: 32
[INFO] 20:06:39:139 muse/(12391:12391): SWAP_SIZE​: 1024
[INFO] 20:06:39:139 muse/(12391:12391): IP: 127.0.0.1
[INFO] 20:06:39:139 muse/(12391:12391): almost
[INFO] 20:06:39:139 muse/(12391:12391): path swap: /home/utnso/tp-2019-2c-SOcorro/memoria/muse/Debug/SwappingArea
[INFO] 20:07:06:33 muse/(12437:12437): LISTEN_PORT: 5003
[INFO] 20:07:06:34 muse/(12437:12437): MEMORY_SIZE: 4096
[INFO] 20:07:06:34 muse/(12437:12437): PAGE_SIZE​: 32
[INFO] 20:07:06:34 muse/(12437:12437): SWAP_SIZE​: 1024
[INFO] 20:07:06:34 muse/(12437:12437): IP: 127.0.0.1
[INFO] 20:07:06:34 muse/(12437:12437): almost
[INFO] 20:07:06:35 muse/(12437:12437): path swap: /home/utnso/tp-2019-2c-SOcorro/memoria/muse/Debug/SwappingArea
[INFO] 20:14:23:297 muse/(12644:12644): LISTEN_PORT: 5003
[INFO] 20:14:23:303 muse/(12644:12644): MEMORY_SIZE: 4096
[INFO] 20:14:23:303 muse/(12644:12644): PAGE_SIZE​: 32
[INFO] 20:14:23:303 muse/(12644:12644): SWAP_SIZE​: 1024
[INFO] 20:14:23:303 muse/(12644:12644): IP: 127.0.0.1
[INFO] 20:14:23:303 muse/(12644:12644): almost
[INFO] 20:14:23:303 muse/(12644:12644): path swap: /home/utnso/tp-2019-2c-SOcorro/memoria/muse/Debug/SwappingArea
[INFO] 20:14:35:450 muse/(12676:12676): LISTEN_PORT: 5003
[INFO] 20:14:35:450 muse/(12676:12676): MEMORY_SIZE: 4096
[INFO] 20:14:35:450 muse/(12676:12676): PAGE_SIZE​: 32
[INFO] 20:14:35:451 muse/(12676:12676): SWAP_SIZE​: 1024
[INFO] 20:14:35:451 muse/(12676:12676): IP: 127.0.0.1
[INFO] 20:14:35:605 muse/(12676:12676): almost
[INFO] 20:14:35:606 muse/(12676:12676): path swap: /home/utnso/tp-2019-2c-SOcorro/memoria/muse/Debug/SwappingArea
[INFO] 20:14:44:836 muse/(12717:12717): LISTEN_PORT: 5003
[INFO] 20:14:44:838 muse/(12717:12717): MEMORY_SIZE: 4096
[INFO] 20:14:44:838 muse/(12717:12717): PAGE_SIZE​: 32
[INFO] 20:14:44:838 muse/(12717:12717): SWAP_SIZE​: 1024
[INFO] 20:14:44:839 muse/(12717:12717): IP: 127.0.0.1
[INFO] 20:14:45:123 muse/(12717:12717): almost
[INFO] 20:14:45:124 muse/(12717:12717): path swap: /home/utnso/tp-2019-2c-SOcorro/memoria/muse/Debug/SwappingArea
[INFO] 20:16:01:652 muse/(12804:12804): LISTEN_PORT: 5003
[INFO] 20:16:01:654 muse/(12804:12804): MEMORY_SIZE: 4096
[INFO] 20:16:01:654 muse/(12804:12804): PAGE_SIZE​: 32
[INFO] 20:16:01:654 muse/(12804:12804): SWAP_SIZE​: 1024
[INFO] 20:16:01:654 muse/(12804:12804): IP: 127.0.0.1
[INFO] 20:16:01:654 muse/(12804:12804): almost
[INFO] 20:16:01:654 muse/(12804:12804): path swap: /home/utnso/tp-2019-2c-SOcorro/memoria/muse/Debug/SwappingArea
[INFO] 20:17:28:622 muse/(12884:12884): LISTEN_PORT: 5003
[INFO] 20:17:28:626 muse/(12884:12884): MEMORY_SIZE: 4096
[INFO] 20:17:28:626 muse/(12884:12884): PAGE_SIZE​: 32
[INFO] 20:17:28:626 muse/(12884:12884): SWAP_SIZE​: 1024
[INFO] 20:17:28:626 muse/(12884:12884): IP: 127.0.0.1
[INFO] 20:17:28:626 muse/(12884:12884): almost
[INFO] 20:17:28:626 muse/(12884:12884): path swap: /home/utnso/tp-2019-2c-SOcorro/memoria/muse/Debug/SwappingArea
[INFO] 20:17:40:519 muse/(12921:12921): LISTEN_PORT: 5003
[INFO] 20:17:40:523 muse/(12921:12921): MEMORY_SIZE: 4096
[INFO] 20:17:40:523 muse/(12921:12921): PAGE_SIZE​: 32
[INFO] 20:17:40:523 muse/(12921:12921): SWAP_SIZE​: 1024
[INFO] 20:17:40:523 muse/(12921:12921): IP: 127.0.0.1
[INFO] 20:17:40:523 muse/(12921:12921): almost
[INFO] 20:17:40:523 muse/(12921:12921): path swap: /home/utnso/tp-2019-2c-SOcorro/memoria/muse/Debug/SwappingArea
[INFO] 20:18:45:13 muse/(12976:12976): LISTEN_PORT: 5003
[INFO] 20:18:45:22 muse/(12976:12976): MEMORY_SIZE: 4096
[INFO] 20:18:45:22 muse/(12976:12976): PAGE_SIZE​: 32
[INFO] 20:18:45:22 muse/(12976:12976): SWAP_SIZE​: 1024
[INFO] 20:18:45:22 muse/(12976:12976): IP: 127.0.0.1
[INFO] 20:18:45:22 muse/(12976:12976): almost
[INFO] 20:18:45:22 muse/(12976:12976): path swap: /home/utnso/tp-2019-2c-SOcorro/memoria/muse/Debug/SwappingArea
[INFO] 20:19:24:155 muse/(13018:13018): LISTEN_PORT: 5003
[INFO] 20:19:24:159 muse/(13018:13018): MEMORY_SIZE: 4096
[INFO] 20:19:24:159 muse/(13018:13018): PAGE_SIZE​: 32
[INFO] 20:19:24:159 muse/(13018:13018): SWAP_SIZE​: 1024
[INFO] 20:19:24:159 muse/(13018:13018): IP: 127.0.0.1
[INFO] 20:19:24:159 muse/(13018:13018): almost
[INFO] 20:19:24:159 muse/(13018:13018): path swap: /home/utnso/tp-2019-2c-SOcorro/memoria/muse/Debug/SwappingArea
[INFO] 20:19:36:129 muse/(13053:13053): LISTEN_PORT: 5003
[INFO] 20:19:36:133 muse/(13053:13053): MEMORY_SIZE: 4096
[INFO] 20:19:36:133 muse/(13053:13053): PAGE_SIZE​: 32
[INFO] 20:19:36:133 muse/(13053:13053): SWAP_SIZE​: 1024
[INFO] 20:19:36:134 muse/(13053:13053): IP: 127.0.0.1
[INFO] 20:19:36:134 muse/(13053:13053): almost
[INFO] 20:19:36:134 muse/(13053:13053): path swap: /home/utnso/tp-2019-2c-SOcorro/memoria/muse/Debug/SwappingArea
[INFO] 20:20:50:604 muse/(13092:13092): LISTEN_PORT: 5003
[INFO] 20:20:50:608 muse/(13092:13092): MEMORY_SIZE: 4096
[INFO] 20:20:50:608 muse/(13092:13092): PAGE_SIZE​: 32
[INFO] 20:20:50:608 muse/(13092:13092): SWAP_SIZE​: 1024
[INFO] 20:20:50:608 muse/(13092:13092): IP: 127.0.0.1
[INFO] 20:20:50:608 muse/(13092:13092): almost
[INFO] 20:20:50:608 muse/(13092:13092): path swap: /home/utnso/tp-2019-2c-SOcorro/memoria/muse/Debug/SwappingArea
[INFO] 20:21:05:551 muse/(13132:13132): LISTEN_PORT: 5003
[INFO] 20:21:05:555 muse/(13132:13132): MEMORY_SIZE: 4096
[INFO] 20:21:05:555 muse/(13132:13132): PAGE_SIZE​: 32
[INFO] 20:21:05:555 muse/(13132:13132): SWAP_SIZE​: 1024
[INFO] 20:21:05:555 muse/(13132:13132): IP: 127.0.0.1
[INFO] 20:21:05:555 muse/(13132:13132): almost
[INFO] 20:21:05:556 muse/(13132:13132): path swap: /home/utnso/tp-2019-2c-SOcorro/memoria/muse/Debug/SwappingArea
[INFO] 20:21:22:262 muse/(13166:13166): LISTEN_PORT: 5003
[INFO] 20:21:22:266 muse/(13166:13166): MEMORY_SIZE: 4096
[INFO] 20:21:22:266 muse/(13166:13166): PAGE_SIZE​: 32
[INFO] 20:21:22:266 muse/(13166:13166): SWAP_SIZE​: 1024
[INFO] 20:21:22:266 muse/(13166:13166): IP: 127.0.0.1
[INFO] 20:21:22:266 muse/(13166:13166): almost
[INFO] 20:21:22:266 muse/(13166:13166): path swap: /home/utnso/tp-2019-2c-SOcorro/memoria/muse/Debug/SwappingArea
[INFO] 20:21:29:865 muse/(13201:13201): LISTEN_PORT: 5003
[INFO] 20:21:29:871 muse/(13201:13201): MEMORY_SIZE: 4096
[INFO] 20:21:29:871 muse/(13201:13201): PAGE_SIZE​: 32
[INFO] 20:21:29:872 muse/(13201:13201): SWAP_SIZE​: 1024
[INFO] 20:21:29:872 muse/(13201:13201): IP: 127.0.0.1
[INFO] 20:21:29:872 muse/(13201:13201): almost
[INFO] 20:21:29:872 muse/(13201:13201): path swap: /home/utnso/tp-2019-2c-SOcorro/memoria/muse/Debug/SwappingArea
[INFO] 20:22:19:377 muse/(13258:13258): LISTEN_PORT: 5003
[INFO] 20:22:19:380 muse/(13258:13258): MEMORY_SIZE: 4096
[INFO] 20:22:19:380 muse/(13258:13258): PAGE_SIZE​: 32
[INFO] 20:22:19:380 muse/(13258:13258): SWAP_SIZE​: 1024
[INFO] 20:22:19:380 muse/(13258:13258): IP: 127.0.0.1
[INFO] 20:22:19:380 muse/(13258:13258): almost
[INFO] 20:22:19:380 muse/(13258:13258): path swap: /home/utnso/tp-2019-2c-SOcorro/memoria/muse/Debug/SwappingArea
[INFO] 20:22:33:575 muse/(13294:13294): LISTEN_PORT: 5003
[INFO] 20:22:33:579 muse/(13294:13294): MEMORY_SIZE: 4096
[INFO] 20:22:33:579 muse/(13294:13294): PAGE_SIZE​: 32
[INFO] 20:22:33:579 muse/(13294:13294): SWAP_SIZE​: 1024
[INFO] 20:22:33:579 muse/(13294:13294): IP: 127.0.0.1
[INFO] 20:22:33:579 muse/(13294:13294): almost
[INFO] 20:22:33:579 muse/(13294:13294): path swap: /home/utnso/tp-2019-2c-SOcorro/memoria/muse/Debug/SwappingArea
[INFO] 16:22:16:438 muse/(12182:12182): LISTEN_PORT: 5003
[INFO] 16:22:16:454 muse/(12182:12182): MEMORY_SIZE: 4096
[INFO] 16:22:16:454 muse/(12182:12182): PAGE_SIZE​: 32
[INFO] 16:22:16:454 muse/(12182:12182): SWAP_SIZE​: 1024
[INFO] 16:22:16:454 muse/(12182:12182): IP: 127.0.0.1
[INFO] 16:22:16:454 muse/(12182:12182): almost
[INFO] 16:22:16:454 muse/(12182:12182): path swap: /home/utnso/tp-2019-2c-SOcorro/memoria/muse/Debug/SwappingArea
[INFO] 16:25:29:675 muse/(12266:12266): LISTEN_PORT: 5003
[INFO] 16:25:29:675 muse/(12266:12266): MEMORY_SIZE: 4096
[INFO] 16:25:29:676 muse/(12266:12266): PAGE_SIZE​: 32
[INFO] 16:25:29:676 muse/(12266:12266): SWAP_SIZE​: 1024
[INFO] 16:25:29:676 muse/(12266:12266): IP: 127.0.0.1
[INFO] 16:25:36:776 muse/(12266:12266): almost
[INFO] 16:25:36:776 muse/(12266:12266): path swap: /home/utnso/tp-2019-2c-SOcorro/memoria/muse/Debug/SwappingArea
[INFO] 16:28:01:349 muse/(12562:12562): LISTEN_PORT: 5003
[INFO] 16:28:01:349 muse/(12562:12562): MEMORY_SIZE: 4096
[INFO] 16:28:01:349 muse/(12562:12562): PAGE_SIZE​: 32
[INFO] 16:28:01:349 muse/(12562:12562): SWAP_SIZE​: 1024
[INFO] 16:28:01:349 muse/(12562:12562): IP: 127.0.0.1
[INFO] 16:28:01:581 muse/(12562:12562): almost
[INFO] 16:28:01:581 muse/(12562:12562): path swap: /home/utnso/tp-2019-2c-SOcorro/memoria/muse/Debug/SwappingArea
[INFO] 16:32:58:612 muse/(12978:12978): LISTEN_PORT: 5003
[INFO] 16:32:58:612 muse/(12978:12978): MEMORY_SIZE: 4096
[INFO] 16:32:58:612 muse/(12978:12978): PAGE_SIZE​: 32
[INFO] 16:32:58:612 muse/(12978:12978): SWAP_SIZE​: 1024
[INFO] 16:32:58:612 muse/(12978:12978): IP: 127.0.0.1
[INFO] 16:32:58:612 muse/(12978:12978): path swap: /home/utnso/tp-2019-2c-SOcorro/memoria/muse/Debug/SwappingArea
[INFO] 16:40:27:27 muse/(13356:13356): LISTEN_PORT: 5003
[INFO] 16:40:27:28 muse/(13356:13356): MEMORY_SIZE: 4096
[INFO] 16:40:27:28 muse/(13356:13356): PAGE_SIZE​: 32
[INFO] 16:40:27:28 muse/(13356:13356): SWAP_SIZE​: 1024
[INFO] 16:40:27:28 muse/(13356:13356): IP: 127.0.0.1
[INFO] 16:40:27:28 muse/(13356:13356): path swap: /home/utnso/tp-2019-2c-SOcorro/memoria/muse/Debug/SwappingArea
[INFO] 16:41:06:462 muse/(13438:13438): LISTEN_PORT: 5003
[INFO] 16:41:06:463 muse/(13438:13438): MEMORY_SIZE: 4096
[INFO] 16:41:06:463 muse/(13438:13438): PAGE_SIZE​: 32
[INFO] 16:41:06:463 muse/(13438:13438): SWAP_SIZE​: 1024
[INFO] 16:41:06:463 muse/(13438:13438): IP: 127.0.0.1
[INFO] 16:41:06:463 muse/(13438:13438): path swap: /home/utnso/tp-2019-2c-SOcorro/memoria/muse/Debug/SwappingArea
[INFO] 16:42:41:668 muse/(13543:13543): LISTEN_PORT: 5003
[INFO] 16:42:41:668 muse/(13543:13543): MEMORY_SIZE: 4096
[INFO] 16:42:41:669 muse/(13543:13543): PAGE_SIZE​: 32
[INFO] 16:42:41:669 muse/(13543:13543): SWAP_SIZE​: 1024
[INFO] 16:42:41:669 muse/(13543:13543): IP: 127.0.0.1
[INFO] 16:42:41:669 muse/(13543:13543): path swap: /home/utnso/tp-2019-2c-SOcorro/memoria/muse/Debug/SwappingArea
[INFO] 17:13:44:2 muse/(15677:15677): LISTEN_PORT: 5003
[INFO] 17:13:44:2 muse/(15677:15677): MEMORY_SIZE: 4096
[INFO] 17:13:44:3 muse/(15677:15677): PAGE_SIZE​: 32
[INFO] 17:13:44:3 muse/(15677:15677): SWAP_SIZE​: 1024
[INFO] 17:13:44:3 muse/(15677:15677): IP: 127.0.0.1
[INFO] 17:13:44:3 muse/(15677:15677): path swap: /home/utnso/tp-2019-2c-SOcorro/memoria/muse/Debug/SwappingArea
[INFO] 17:13:57:53 muse/(15721:15721): LISTEN_PORT: 5003
[INFO] 17:13:57:56 muse/(15721:15721): MEMORY_SIZE: 4096
[INFO] 17:13:57:56 muse/(15721:15721): PAGE_SIZE​: 32
[INFO] 17:13:57:56 muse/(15721:15721): SWAP_SIZE​: 1024
[INFO] 17:13:57:56 muse/(15721:15721): IP: 127.0.0.1
[INFO] 17:13:57:56 muse/(15721:15721): path swap: /home/utnso/tp-2019-2c-SOcorro/memoria/muse/Debug/SwappingArea
[INFO] 17:20:48:466 muse/(16157:16157): LISTEN_PORT: 5003
[INFO] 17:20:48:467 muse/(16157:16157): MEMORY_SIZE: 4096
[INFO] 17:20:48:467 muse/(16157:16157): PAGE_SIZE​: 32
[INFO] 17:20:48:467 muse/(16157:16157): SWAP_SIZE​: 1024
[INFO] 17:20:48:467 muse/(16157:16157): IP: 127.0.0.1
[INFO] 17:20:48:911 muse/(16157:16157): path swap: /home/utnso/tp-2019-2c-SOcorro/memoria/muse/Debug/SwappingArea
[INFO] 17:25:09:665 muse/(16508:16508): LISTEN_PORT: 5003
[INFO] 17:25:09:666 muse/(16508:16508): MEMORY_SIZE: 4096
[INFO] 17:25:09:666 muse/(16508:16508): PAGE_SIZE​: 32
[INFO] 17:25:09:666 muse/(16508:16508): SWAP_SIZE​: 1024
[INFO] 17:25:09:666 muse/(16508:16508): IP: 127.0.0.1
[INFO] 17:25:09:666 muse/(16508:16508): path swap: /home/utnso/tp-2019-2c-SOcorro/memoria/muse/Debug/SwappingArea
[INFO] 17:25:38:208 muse/(16550:16550): LISTEN_PORT: 5003
[INFO] 17:25:38:208 muse/(16550:16550): MEMORY_SIZE: 4096
[INFO] 17:25:38:208 muse/(16550:16550): PAGE_SIZE​: 32
[INFO] 17:25:38:208 muse/(16550:16550): SWAP_SIZE​: 1024
[INFO] 17:25:38:208 muse/(16550:16550): IP: 127.0.0.1
[INFO] 17:25:38:208 muse/(16550:16550): path swap: /home/utnso/tp-2019-2c-SOcorro/memoria/muse/Debug/SwappingArea
[INFO] 17:37:47:55 muse/(17129:17129): LISTEN_PORT: 5003
[INFO] 17:37:47:55 muse/(17129:17129): MEMORY_SIZE: 4096
[INFO] 17:37:47:55 muse/(17129:17129): PAGE_SIZE​: 32
[INFO] 17:37:47:55 muse/(17129:17129): SWAP_SIZE​: 1024
[INFO] 17:37:47:55 muse/(17129:17129): IP: 127.0.0.1
[INFO] 17:37:47:227 muse/(17129:17129): path swap: /home/utnso/tp-2019-2c-SOcorro/memoria/muse/Debug/SwappingArea
[INFO] 17:39:03:848 muse/(17409:17409): LISTEN_PORT: 5003
[INFO] 17:39:03:848 muse/(17409:17409): MEMORY_SIZE: 4096
[INFO] 17:39:03:848 muse/(17409:17409): PAGE_SIZE​: 32
[INFO] 17:39:03:849 muse/(17409:17409): SWAP_SIZE​: 1024
[INFO] 17:39:03:849 muse/(17409:17409): IP: 127.0.0.1
[INFO] 17:39:03:849 muse/(17409:17409): path swap: /home/utnso/tp-2019-2c-SOcorro/memoria/muse/Debug/SwappingArea
[INFO] 17:40:28:804 muse/(17554:17554): LISTEN_PORT: 5003
[INFO] 17:40:28:804 muse/(17554:17554): MEMORY_SIZE: 4096
[INFO] 17:40:28:804 muse/(17554:17554): PAGE_SIZE​: 32
[INFO] 17:40:28:804 muse/(17554:17554): SWAP_SIZE​: 1024
[INFO] 17:40:28:804 muse/(17554:17554): IP: 127.0.0.1
[INFO] 17:40:28:804 muse/(17554:17554): path swap: /home/utnso/tp-2019-2c-SOcorro/memoria/muse/Debug/SwappingArea
[INFO] 17:48:30:616 muse/(17736:17736): LISTEN_PORT: 5003
[INFO] 17:48:30:616 muse/(17736:17736): MEMORY_SIZE: 4096
[INFO] 17:48:30:616 muse/(17736:17736): PAGE_SIZE​: 32
[INFO] 17:48:30:616 muse/(17736:17736): SWAP_SIZE​: 1024
[INFO] 17:48:30:616 muse/(17736:17736): IP: 127.0.0.1
[INFO] 17:48:30:616 muse/(17736:17736): path swap: /home/utnso/tp-2019-2c-SOcorro/memoria/muse/Debug/SwappingArea
[INFO] 21:01:46:492 muse/(4771:4771): LISTEN_PORT: 5003
[INFO] 21:01:46:503 muse/(4771:4771): MEMORY_SIZE: 4096
[INFO] 21:01:46:505 muse/(4771:4771): PAGE_SIZE​: 32
[INFO] 21:01:46:505 muse/(4771:4771): SWAP_SIZE​: 1024
[INFO] 21:01:46:505 muse/(4771:4771): IP: 127.0.0.1
[INFO] 21:01:46:505 muse/(4771:4771): path swap: /home/utnso/tp-2019-2c-SOcorro/memoria/muse/Debug/SwappingArea
[INFO] 21:02:58:757 muse/(4846:4846): LISTEN_PORT: 5003
[INFO] 21:02:58:757 muse/(4846:4846): MEMORY_SIZE: 4096
[INFO] 21:02:58:757 muse/(4846:4846): PAGE_SIZE​: 32
[INFO] 21:02:58:758 muse/(4846:4846): SWAP_SIZE​: 1024
[INFO] 21:02:58:758 muse/(4846:4846): IP: 127.0.0.1
[INFO] 21:02:58:758 muse/(4846:4846): path swap: /home/utnso/tp-2019-2c-SOcorro/memoria/muse/Debug/SwappingArea
[INFO] 21:03:29:149 muse/(4884:4884): LISTEN_PORT: 5003
[INFO] 21:03:29:149 muse/(4884:4884): MEMORY_SIZE: 4096
[INFO] 21:03:29:149 muse/(4884:4884): PAGE_SIZE​: 32
[INFO] 21:03:29:149 muse/(4884:4884): SWAP_SIZE​: 1024
[INFO] 21:03:29:149 muse/(4884:4884): IP: 127.0.0.1
[INFO] 21:03:29:149 muse/(4884:4884): path swap: /home/utnso/tp-2019-2c-SOcorro/memoria/muse/Debug/SwappingArea
[INFO] 21:09:51:946 muse/(5245:5245): LISTEN_PORT: 5003
[INFO] 21:09:51:946 muse/(5245:5245): MEMORY_SIZE: 4096
[INFO] 21:09:51:946 muse/(5245:5245): PAGE_SIZE​: 32
[INFO] 21:09:51:946 muse/(5245:5245): SWAP_SIZE​: 1024
[INFO] 21:09:51:947 muse/(5245:5245): IP: 127.0.0.1
[INFO] 21:09:51:947 muse/(5245:5245): path swap: /home/utnso/tp-2019-2c-SOcorro/memoria/muse/Debug/SwappingArea
[INFO] 21:13:59:711 muse/(5393:5393): LISTEN_PORT: 5003
[INFO] 21:13:59:712 muse/(5393:5393): MEMORY_SIZE: 4096
[INFO] 21:13:59:712 muse/(5393:5393): PAGE_SIZE​: 32
[INFO] 21:13:59:712 muse/(5393:5393): SWAP_SIZE​: 1024
[INFO] 21:13:59:712 muse/(5393:5393): IP: 127.0.0.1
[INFO] 21:13:59:712 muse/(5393:5393): path swap: /home/utnso/tp-2019-2c-SOcorro/memoria/muse/Debug/SwappingArea
[INFO] 21:15:27:268 muse/(5490:5490): LISTEN_PORT: 5003
[INFO] 21:15:27:268 muse/(5490:5490): MEMORY_SIZE: 4096
[INFO] 21:15:27:268 muse/(5490:5490): PAGE_SIZE​: 32
[INFO] 21:15:27:268 muse/(5490:5490): SWAP_SIZE​: 1024
[INFO] 21:15:27:268 muse/(5490:5490): IP: 127.0.0.1
[INFO] 21:15:27:268 muse/(5490:5490): path swap: /home/utnso/tp-2019-2c-SOcorro/memoria/muse/Debug/SwappingArea
[INFO] 22:13:11:444 muse/(7290:7290): LISTEN_PORT: 5003
[INFO] 22:13:11:444 muse/(7290:7290): MEMORY_SIZE: 4096
[INFO] 22:13:11:444 muse/(7290:7290): PAGE_SIZE​: 32
[INFO] 22:13:11:444 muse/(7290:7290): SWAP_SIZE​: 1024
[INFO] 22:13:11:444 muse/(7290:7290): IP: 127.0.0.1
[INFO] 22:13:11:444 muse/(7290:7290): path swap: /home/utnso/tp-2019-2c-SOcorro/memoria/muse/Debug/SwappingArea
[INFO] 22:14:37:523 muse/(7337:7337): LISTEN_PORT: 5003
[INFO] 22:14:37:523 muse/(7337:7337): MEMORY_SIZE: 4096
[INFO] 22:14:37:523 muse/(7337:7337): PAGE_SIZE​: 32
[INFO] 22:14:37:523 muse/(7337:7337): SWAP_SIZE​: 1024
[INFO] 22:14:37:523 muse/(7337:7337): IP: 127.0.0.1
[INFO] 22:14:37:523 muse/(7337:7337): path swap: /home/utnso/tp-2019-2c-SOcorro/memoria/muse/Debug/SwappingArea
[INFO] 22:14:56:971 muse/(7469:7469): LISTEN_PORT: 5003
[INFO] 22:14:56:971 muse/(7469:7469): MEMORY_SIZE: 4096
[INFO] 22:14:56:971 muse/(7469:7469): PAGE_SIZE​: 32
[INFO] 22:14:56:971 muse/(7469:7469): SWAP_SIZE​: 1024
[INFO] 22:14:56:971 muse/(7469:7469): IP: 127.0.0.1
[INFO] 22:14:56:971 muse/(7469:7469): path swap: /home/utnso/tp-2019-2c-SOcorro/memoria/muse/Debug/SwappingArea
[INFO] 22:16:03:847 muse/(7539:7539): LISTEN_PORT: 5003
[INFO] 22:16:03:848 muse/(7539:7539): MEMORY_SIZE: 4096
[INFO] 22:16:03:848 muse/(7539:7539): PAGE_SIZE​: 32
[INFO] 22:16:03:848 muse/(7539:7539): SWAP_SIZE​: 1024
[INFO] 22:16:03:848 muse/(7539:7539): IP: 127.0.0.1
[INFO] 22:16:03:848 muse/(7539:7539): path swap: /home/utnso/tp-2019-2c-SOcorro/memoria/muse/Debug/SwappingArea
[INFO] 22:17:43:62 muse/(7678:7678): LISTEN_PORT: 5003
[INFO] 22:17:43:67 muse/(7678:7678): MEMORY_SIZE: 4096
[INFO] 22:17:43:67 muse/(7678:7678): PAGE_SIZE​: 32
[INFO] 22:17:43:67 muse/(7678:7678): SWAP_SIZE​: 1024
[INFO] 22:17:43:67 muse/(7678:7678): IP: 127.0.0.1
[INFO] 22:17:43:67 muse/(7678:7678): path swap: /home/utnso/tp-2019-2c-SOcorro/memoria/muse/Debug/SwappingArea
[INFO] 22:17:48:997 muse/(7717:7717): LISTEN_PORT: 5003
[INFO] 22:17:48:998 muse/(7717:7717): MEMORY_SIZE: 4096
[INFO] 22:17:48:998 muse/(7717:7717): PAGE_SIZE​: 32
[INFO] 22:17:48:998 muse/(7717:7717): SWAP_SIZE​: 1024
[INFO] 22:17:48:998 muse/(7717:7717): IP: 127.0.0.1
[INFO] 22:17:48:998 muse/(7717:7717): path swap: /home/utnso/tp-2019-2c-SOcorro/memoria/muse/Debug/SwappingArea
[INFO] 22:20:11:123 muse/(7902:7902): LISTEN_PORT: 5003
[INFO] 22:20:11:123 muse/(7902:7902): MEMORY_SIZE: 4096
[INFO] 22:20:11:123 muse/(7902:7902): PAGE_SIZE​: 32
[INFO] 22:20:11:123 muse/(7902:7902): SWAP_SIZE​: 1024
[INFO] 22:20:11:123 muse/(7902:7902): IP: 127.0.0.1
[INFO] 22:20:11:123 muse/(7902:7902): path swap: /home/utnso/tp-2019-2c-SOcorro/memoria/muse/Debug/SwappingArea
[INFO] 22:23:39:161 muse/(8146:8146): LISTEN_PORT: 5003
[INFO] 22:23:39:161 muse/(8146:8146): MEMORY_SIZE: 4096
[INFO] 22:23:39:161 muse/(8146:8146): PAGE_SIZE​: 32
[INFO] 22:23:39:162 muse/(8146:8146): SWAP_SIZE​: 1024
[INFO] 22:23:39:162 muse/(8146:8146): IP: 127.0.0.1
[INFO] 22:23:39:162 muse/(8146:8146): path swap: /home/utnso/tp-2019-2c-SOcorro/memoria/muse/Debug/SwappingArea
[INFO] 22:23:45:535 muse/(8171:8171): LISTEN_PORT: 5003
[INFO] 22:23:45:535 muse/(8171:8171): MEMORY_SIZE: 4096
[INFO] 22:23:45:535 muse/(8171:8171): PAGE_SIZE​: 32
[INFO] 22:23:45:535 muse/(8171:8171): SWAP_SIZE​: 1024
[INFO] 22:23:45:535 muse/(8171:8171): IP: 127.0.0.1
[INFO] 22:23:45:535 muse/(8171:8171): path swap: /home/utnso/tp-2019-2c-SOcorro/memoria/muse/Debug/SwappingArea
[INFO] 22:25:50:650 muse/(8353:8353): LISTEN_PORT: 5003
[INFO] 22:25:50:651 muse/(8353:8353): MEMORY_SIZE: 4096
[INFO] 22:25:50:651 muse/(8353:8353): PAGE_SIZE​: 32
[INFO] 22:25:50:651 muse/(8353:8353): SWAP_SIZE​: 1024
[INFO] 22:25:50:651 muse/(8353:8353): IP: 127.0.0.1
[INFO] 22:25:50:651 muse/(8353:8353): path swap: /home/utnso/tp-2019-2c-SOcorro/memoria/muse/Debug/SwappingArea
[INFO] 22:30:51:419 muse/(8482:8482): LISTEN_PORT: 5003
[INFO] 22:30:51:419 muse/(8482:8482): MEMORY_SIZE: 4096
[INFO] 22:30:51:419 muse/(8482:8482): PAGE_SIZE​: 32
[INFO] 22:30:51:419 muse/(8482:8482): SWAP_SIZE​: 1024
[INFO] 22:30:51:419 muse/(8482:8482): IP: 127.0.0.1
[INFO] 22:30:51:419 muse/(8482:8482): path swap: /home/utnso/tp-2019-2c-SOcorro/memoria/muse/Debug/SwappingArea
[INFO] 22:32:37:45 muse/(8628:8628): LISTEN_PORT: 5003
[INFO] 22:32:37:48 muse/(8628:8628): MEMORY_SIZE: 4096
[INFO] 22:32:37:48 muse/(8628:8628): PAGE_SIZE​: 32
[INFO] 22:32:37:48 muse/(8628:8628): SWAP_SIZE​: 1024
[INFO] 22:32:37:49 muse/(8628:8628): IP: 127.0.0.1
[INFO] 22:32:37:49 muse/(8628:8628): path swap: /home/utnso/tp-2019-2c-SOcorro/memoria/muse/Debug/SwappingArea
[INFO] 22:35:12:407 muse/(8736:8736): LISTEN_PORT: 5003
[INFO] 22:35:12:407 muse/(8736:8736): MEMORY_SIZE: 4096
[INFO] 22:35:12:407 muse/(8736:8736): PAGE_SIZE​: 32
[INFO] 22:35:12:407 muse/(8736:8736): SWAP_SIZE​: 1024
[INFO] 22:35:12:407 muse/(8736:8736): IP: 127.0.0.1
[INFO] 22:35:12:407 muse/(8736:8736): path swap: /home/utnso/tp-2019-2c-SOcorro/memoria/muse/Debug/SwappingArea
[INFO] 22:37:58:368 muse/(8880:8880): LISTEN_PORT: 5003
[INFO] 22:37:58:368 muse/(8880:8880): MEMORY_SIZE: 4096
[INFO] 22:37:58:368 muse/(8880:8880): PAGE_SIZE​: 32
[INFO] 22:37:58:369 muse/(8880:8880): SWAP_SIZE​: 1024
[INFO] 22:37:58:369 muse/(8880:8880): IP: 127.0.0.1
[INFO] 22:37:58:369 muse/(8880:8880): path swap: /home/utnso/tp-2019-2c-SOcorro/memoria/muse/Debug/SwappingArea
[INFO] 22:39:03:963 muse/(9059:9059): LISTEN_PORT: 5003
[INFO] 22:39:03:963 muse/(9059:9059): MEMORY_SIZE: 4096
[INFO] 22:39:03:963 muse/(9059:9059): PAGE_SIZE​: 32
[INFO] 22:39:03:963 muse/(9059:9059): SWAP_SIZE​: 1024
[INFO] 22:39:03:963 muse/(9059:9059): IP: 127.0.0.1
[INFO] 22:39:03:963 muse/(9059:9059): path swap: /home/utnso/tp-2019-2c-SOcorro/memoria/muse/Debug/SwappingArea
[INFO] 23:15:37:637 muse/(10647:10647): LISTEN_PORT: 5003
[INFO] 23:15:37:638 muse/(10647:10647): MEMORY_SIZE: 4096
[INFO] 23:15:37:638 muse/(10647:10647): PAGE_SIZE​: 32
[INFO] 23:15:37:638 muse/(10647:10647): SWAP_SIZE​: 1024
[INFO] 23:15:37:638 muse/(10647:10647): IP: 127.0.0.1
[INFO] 23:15:37:638 muse/(10647:10647): path swap: /home/utnso/tp-2019-2c-SOcorro/memoria/muse/Debug/SwappingArea
[INFO] 23:49:47:543 muse/(11895:11895): LISTEN_PORT: 5003
[INFO] 23:49:47:543 muse/(11895:11895): MEMORY_SIZE: 4096
[INFO] 23:49:47:543 muse/(11895:11895): PAGE_SIZE​: 32
[INFO] 23:49:47:543 muse/(11895:11895): SWAP_SIZE​: 1024
[INFO] 23:49:47:543 muse/(11895:11895): IP: 127.0.0.1
[INFO] 23:49:47:543 muse/(11895:11895): path swap: /home/utnso/tp-2019-2c-SOcorro/memoria/muse/Debug/SwappingArea
[INFO] 01:23:09:680 muse/(11978:11978): LISTEN_PORT: 5003
[INFO] 01:23:09:681 muse/(11978:11978): MEMORY_SIZE: 4096
[INFO] 01:23:09:681 muse/(11978:11978): PAGE_SIZE​: 32
[INFO] 01:23:09:681 muse/(11978:11978): SWAP_SIZE​: 1024
[INFO] 01:23:09:681 muse/(11978:11978): IP: 127.0.0.1
[INFO] 01:23:09:681 muse/(11978:11978): path swap: /home/utnso/tp-2019-2c-SOcorro/memoria/muse/Debug/SwappingArea
[INFO] 11:32:53:121 muse/(5040:5040): LISTEN_PORT: 5003
[INFO] 11:32:53:138 muse/(5040:5040): MEMORY_SIZE: 4096
[INFO] 11:32:53:138 muse/(5040:5040): PAGE_SIZE​: 32
[INFO] 11:32:53:138 muse/(5040:5040): SWAP_SIZE​: 1024
[INFO] 11:32:53:138 muse/(5040:5040): IP: 127.0.0.1
[INFO] 11:32:53:138 muse/(5040:5040): path swap: /home/utnso/tp-2019-2c-SOcorro/memoria/muse/Debug/SwappingArea
[INFO] 11:33:29:395 muse/(5076:5076): LISTEN_PORT: 5003
[INFO] 11:33:29:397 muse/(5076:5076): MEMORY_SIZE: 4096
[INFO] 11:33:29:397 muse/(5076:5076): PAGE_SIZE​: 32
[INFO] 11:33:29:397 muse/(5076:5076): SWAP_SIZE​: 1024
[INFO] 11:33:29:397 muse/(5076:5076): IP: 127.0.0.1
[INFO] 11:33:29:397 muse/(5076:5076): path swap: /home/utnso/tp-2019-2c-SOcorro/memoria/muse/Debug/SwappingArea
[INFO] 11:33:42:419 muse/(5103:5103): LISTEN_PORT: 5003
[INFO] 11:33:42:426 muse/(5103:5103): MEMORY_SIZE: 4096
[INFO] 11:33:42:426 muse/(5103:5103): PAGE_SIZE​: 32
[INFO] 11:33:42:426 muse/(5103:5103): SWAP_SIZE​: 1024
[INFO] 11:33:42:426 muse/(5103:5103): IP: 127.0.0.1
[INFO] 11:33:42:426 muse/(5103:5103): path swap: /home/utnso/tp-2019-2c-SOcorro/memoria/muse/Debug/SwappingArea
[INFO] 11:34:01:324 muse/(5133:5133): LISTEN_PORT: 5003
[INFO] 11:34:01:324 muse/(5133:5133): MEMORY_SIZE: 4096
[INFO] 11:34:01:324 muse/(5133:5133): PAGE_SIZE​: 32
[INFO] 11:34:01:325 muse/(5133:5133): SWAP_SIZE​: 1024
[INFO] 11:34:01:325 muse/(5133:5133): IP: 127.0.0.1
[INFO] 11:34:01:325 muse/(5133:5133): path swap: /home/utnso/tp-2019-2c-SOcorro/memoria/muse/Debug/SwappingArea
[INFO] 15:14:41:849 muse/(5672:5672): LISTEN_PORT: 5003
[INFO] 15:14:41:889 muse/(5672:5672): MEMORY_SIZE: 4096
[INFO] 15:14:41:889 muse/(5672:5672): PAGE_SIZE​: 32
[INFO] 15:14:41:889 muse/(5672:5672): SWAP_SIZE​: 1024
[INFO] 15:14:41:889 muse/(5672:5672): IP: 127.0.0.1
[INFO] 15:14:41:889 muse/(5672:5672): path swap: ./SwappingArea
[INFO] 15:14:48:705 muse/(5672:5674): nuevo cliente, id: 127.0.0.1-5673
[INFO] 15:19:29:191 muse/(5672:5781): nuevo cliente, id: 127.0.0.1-5780
[INFO] 15:21:40:827 muse/(5672:5944): nuevo cliente, id: 127.0.0.1-5943
[INFO] 15:24:16:259 muse/(6036:6036): LISTEN_PORT: 5003
[INFO] 15:24:16:259 muse/(6036:6036): MEMORY_SIZE: 4096
[INFO] 15:24:16:259 muse/(6036:6036): PAGE_SIZE​: 32
[INFO] 15:24:16:260 muse/(6036:6036): SWAP_SIZE​: 1024
[INFO] 15:24:16:260 muse/(6036:6036): IP: 127.0.0.1
[INFO] 15:24:16:260 muse/(6036:6036): path swap: ./SwappingArea
[INFO] 15:24:19:69 muse/(6036:6038): nuevo cliente, id: 127.0.0.1-6037
[INFO] 15:25:15:19 muse/(6071:6071): LISTEN_PORT: 5003
[INFO] 15:25:15:19 muse/(6071:6071): MEMORY_SIZE: 4096
[INFO] 15:25:15:19 muse/(6071:6071): PAGE_SIZE​: 32
[INFO] 15:25:15:19 muse/(6071:6071): SWAP_SIZE​: 1024
[INFO] 15:25:15:19 muse/(6071:6071): IP: 127.0.0.1
[INFO] 15:25:15:19 muse/(6071:6071): path swap: /home/utnso/tp-2019-2c-SOcorro/memoria/muse/Debug/SwappingArea
[INFO] 15:25:20:310 muse/(6071:6083): nuevo cliente, id: 127.0.0.1-6082
[INFO] 15:27:33:699 muse/(6175:6175): LISTEN_PORT: 5003
[INFO] 15:27:33:699 muse/(6175:6175): MEMORY_SIZE: 4096
[INFO] 15:27:33:699 muse/(6175:6175): PAGE_SIZE​: 32
[INFO] 15:27:33:699 muse/(6175:6175): SWAP_SIZE​: 1024
[INFO] 15:27:33:699 muse/(6175:6175): IP: 127.0.0.1
[INFO] 15:27:33:699 muse/(6175:6175): path swap: ./SwappingArea
[INFO] 15:27:35:413 muse/(6175:6179): nuevo cliente, id: 127.0.0.1-6178
[INFO] 15:27:58:784 muse/(6201:6201): LISTEN_PORT: 5003
[INFO] 15:27:58:784 muse/(6201:6201): MEMORY_SIZE: 4096
[INFO] 15:27:58:784 muse/(6201:6201): PAGE_SIZE​: 32
[INFO] 15:27:58:784 muse/(6201:6201): SWAP_SIZE​: 1024
[INFO] 15:27:58:784 muse/(6201:6201): IP: 127.0.0.1
[INFO] 15:27:58:954 muse/(6201:6201): path swap: /home/utnso/tp-2019-2c-SOcorro/memoria/muse/Debug/SwappingArea
[INFO] 15:28:20:292 muse/(6175:6222): nuevo cliente, id: 127.0.0.1-6221
[INFO] 15:28:29:904 muse/(6201:6224): nuevo cliente, id: 127.0.0.1-6223
[INFO] 15:30:24:590 muse/(6269:6269): LISTEN_PORT: 5003
[INFO] 15:30:24:590 muse/(6269:6269): MEMORY_SIZE: 4096
[INFO] 15:30:24:590 muse/(6269:6269): PAGE_SIZE​: 32
[INFO] 15:30:24:590 muse/(6269:6269): SWAP_SIZE​: 1024
[INFO] 15:30:24:590 muse/(6269:6269): IP: 127.0.0.1
[INFO] 15:30:24:590 muse/(6269:6269): path swap: /home/utnso/tp-2019-2c-SOcorro/memoria/muse/Debug/SwappingArea
[INFO] 15:30:28:190 muse/(6269:6279): nuevo cliente, id: 127.0.0.1-6278
[INFO] 15:31:23:431 muse/(6331:6331): LISTEN_PORT: 5003
[INFO] 15:31:23:431 muse/(6331:6331): MEMORY_SIZE: 4096
[INFO] 15:31:23:431 muse/(6331:6331): PAGE_SIZE​: 32
[INFO] 15:31:23:431 muse/(6331:6331): SWAP_SIZE​: 1024
[INFO] 15:31:23:431 muse/(6331:6331): IP: 127.0.0.1
[INFO] 15:31:23:431 muse/(6331:6331): path swap: ./SwappingArea
[INFO] 15:31:25:113 muse/(6331:6338): nuevo cliente, id: 127.0.0.1-6337
[INFO] 15:31:39:608 muse/(6359:6359): LISTEN_PORT: 5003
[INFO] 15:31:39:608 muse/(6359:6359): MEMORY_SIZE: 4096
[INFO] 15:31:39:608 muse/(6359:6359): PAGE_SIZE​: 32
[INFO] 15:31:39:608 muse/(6359:6359): SWAP_SIZE​: 1024
[INFO] 15:31:39:608 muse/(6359:6359): IP: 127.0.0.1
[INFO] 15:31:39:608 muse/(6359:6359): path swap: /home/utnso/tp-2019-2c-SOcorro/memoria/muse/Debug/SwappingArea
[INFO] 15:31:42:661 muse/(6359:6369): nuevo cliente, id: 127.0.0.1-6368
[INFO] 15:32:49:163 muse/(6411:6411): LISTEN_PORT: 5003
[INFO] 15:32:49:164 muse/(6411:6411): MEMORY_SIZE: 4096
[INFO] 15:32:49:164 muse/(6411:6411): PAGE_SIZE​: 32
[INFO] 15:32:49:164 muse/(6411:6411): SWAP_SIZE​: 1024
[INFO] 15:32:49:164 muse/(6411:6411): IP: 127.0.0.1
[INFO] 15:32:49:164 muse/(6411:6411): path swap: /home/utnso/tp-2019-2c-SOcorro/memoria/muse/Debug/SwappingArea
[INFO] 15:32:51:357 muse/(6411:6422): nuevo cliente, id: 127.0.0.1-6421
[INFO] 15:38:19:561 muse/(6603:6603): LISTEN_PORT: 5003
[INFO] 15:38:19:561 muse/(6603:6603): MEMORY_SIZE: 4096
[INFO] 15:38:19:562 muse/(6603:6603): PAGE_SIZE​: 32
[INFO] 15:38:19:562 muse/(6603:6603): SWAP_SIZE​: 1024
[INFO] 15:38:19:562 muse/(6603:6603): IP: 127.0.0.1
[INFO] 15:38:19:562 muse/(6603:6603): path swap: ./SwappingArea
[INFO] 15:38:21:589 muse/(6603:6605): nuevo cliente, id: 127.0.0.1-6604
[INFO] 15:38:51:524 muse/(6635:6635): LISTEN_PORT: 5003
[INFO] 15:38:51:524 muse/(6635:6635): MEMORY_SIZE: 4096
[INFO] 15:38:51:524 muse/(6635:6635): PAGE_SIZE​: 32
[INFO] 15:38:51:524 muse/(6635:6635): SWAP_SIZE​: 1024
[INFO] 15:38:51:524 muse/(6635:6635): IP: 127.0.0.1
[INFO] 15:38:51:524 muse/(6635:6635): path swap: /home/utnso/tp-2019-2c-SOcorro/memoria/muse/Debug/SwappingArea
[INFO] 15:38:53:683 muse/(6635:6646): nuevo cliente, id: 127.0.0.1-6645
[INFO] 15:39:41:636 muse/(6702:6702): LISTEN_PORT: 5003
[INFO] 15:39:41:636 muse/(6702:6702): MEMORY_SIZE: 4096
[INFO] 15:39:41:636 muse/(6702:6702): PAGE_SIZE​: 32
[INFO] 15:39:41:636 muse/(6702:6702): SWAP_SIZE​: 1024
[INFO] 15:39:41:636 muse/(6702:6702): IP: 127.0.0.1
[INFO] 15:39:41:636 muse/(6702:6702): path swap: /home/utnso/tp-2019-2c-SOcorro/memoria/muse/Debug/SwappingArea
[INFO] 15:39:44:779 muse/(6702:6712): nuevo cliente, id: 127.0.0.1-6711
[INFO] 15:41:48:656 muse/(6757:6757): LISTEN_PORT: 5003
[INFO] 15:41:48:656 muse/(6757:6757): MEMORY_SIZE: 4096
[INFO] 15:41:48:656 muse/(6757:6757): PAGE_SIZE​: 32
[INFO] 15:41:48:656 muse/(6757:6757): SWAP_SIZE​: 1024
[INFO] 15:41:48:656 muse/(6757:6757): IP: 127.0.0.1
[INFO] 15:41:48:656 muse/(6757:6757): path swap: /home/utnso/tp-2019-2c-SOcorro/memoria/muse/Debug/SwappingArea
[INFO] 15:41:51:725 muse/(6757:6767): nuevo cliente, id: 127.0.0.1-6766
[INFO] 15:46:27:833 muse/(6864:6864): LISTEN_PORT: 5003
[INFO] 15:46:27:833 muse/(6864:6864): MEMORY_SIZE: 4096
[INFO] 15:46:27:833 muse/(6864:6864): PAGE_SIZE​: 32
[INFO] 15:46:27:833 muse/(6864:6864): SWAP_SIZE​: 1024
[INFO] 15:46:27:833 muse/(6864:6864): IP: 127.0.0.1
[INFO] 15:46:27:833 muse/(6864:6864): path swap: /home/utnso/tp-2019-2c-SOcorro/memoria/muse/Debug/SwappingArea
[INFO] 15:46:30:984 muse/(6864:6874): nuevo cliente, id: 127.0.0.1-6873
[INFO] 15:47:56:504 muse/(6939:6939): LISTEN_PORT: 5003
[INFO] 15:47:56:505 muse/(6939:6939): MEMORY_SIZE: 4096
[INFO] 15:47:56:505 muse/(6939:6939): PAGE_SIZE​: 32
[INFO] 15:47:56:505 muse/(6939:6939): SWAP_SIZE​: 1024
[INFO] 15:47:56:505 muse/(6939:6939): IP: 127.0.0.1
[INFO] 15:47:56:505 muse/(6939:6939): path swap: /home/utnso/tp-2019-2c-SOcorro/memoria/muse/Debug/SwappingArea
[INFO] 15:47:57:959 muse/(6939:6949): nuevo cliente, id: 127.0.0.1-6948
[INFO] 15:48:07:537 muse/(6984:6984): LISTEN_PORT: 5003
[INFO] 15:48:07:537 muse/(6984:6984): MEMORY_SIZE: 4096
[INFO] 15:48:07:537 muse/(6984:6984): PAGE_SIZE​: 32
[INFO] 15:48:07:537 muse/(6984:6984): SWAP_SIZE​: 1024
[INFO] 15:48:07:537 muse/(6984:6984): IP: 127.0.0.1
[INFO] 15:48:07:537 muse/(6984:6984): path swap: /home/utnso/tp-2019-2c-SOcorro/memoria/muse/Debug/SwappingArea
[INFO] 15:48:09:96 muse/(6984:6994): nuevo cliente, id: 127.0.0.1-6993
[INFO] 15:50:01:379 muse/(7081:7081): LISTEN_PORT: 5003
[INFO] 15:50:01:380 muse/(7081:7081): MEMORY_SIZE: 4096
[INFO] 15:50:01:380 muse/(7081:7081): PAGE_SIZE​: 32
[INFO] 15:50:01:380 muse/(7081:7081): SWAP_SIZE​: 1024
[INFO] 15:50:01:380 muse/(7081:7081): IP: 127.0.0.1
[INFO] 15:50:01:380 muse/(7081:7081): path swap: /home/utnso/tp-2019-2c-SOcorro/memoria/muse/Debug/SwappingArea
[INFO] 15:50:04:855 muse/(7081:7091): nuevo cliente, id: 127.0.0.1-7090
[INFO] 15:50:31:749 muse/(7158:7158): LISTEN_PORT: 5003
[INFO] 15:50:31:749 muse/(7158:7158): MEMORY_SIZE: 4096
[INFO] 15:50:31:749 muse/(7158:7158): PAGE_SIZE​: 32
[INFO] 15:50:31:749 muse/(7158:7158): SWAP_SIZE​: 1024
[INFO] 15:50:31:749 muse/(7158:7158): IP: 127.0.0.1
[INFO] 15:50:31:749 muse/(7158:7158): path swap: /home/utnso/tp-2019-2c-SOcorro/memoria/muse/Debug/SwappingArea
[INFO] 15:50:33:176 muse/(7158:7169): nuevo cliente, id: 127.0.0.1-7168
[INFO] 15:51:00:241 muse/(7232:7232): LISTEN_PORT: 5003
[INFO] 15:51:00:241 muse/(7232:7232): MEMORY_SIZE: 4096
[INFO] 15:51:00:241 muse/(7232:7232): PAGE_SIZE​: 32
[INFO] 15:51:00:241 muse/(7232:7232): SWAP_SIZE​: 1024
[INFO] 15:51:00:241 muse/(7232:7232): IP: 127.0.0.1
[INFO] 15:51:00:241 muse/(7232:7232): path swap: /home/utnso/tp-2019-2c-SOcorro/memoria/muse/Debug/SwappingArea
[INFO] 15:51:02:378 muse/(7232:7242): nuevo cliente, id: 127.0.0.1-7241
[INFO] 15:53:41:41 muse/(7323:7323): LISTEN_PORT: 5003
[INFO] 15:53:41:42 muse/(7323:7323): MEMORY_SIZE: 4096
[INFO] 15:53:41:42 muse/(7323:7323): PAGE_SIZE​: 32
[INFO] 15:53:41:42 muse/(7323:7323): SWAP_SIZE​: 1024
[INFO] 15:53:41:42 muse/(7323:7323): IP: 127.0.0.1
[INFO] 15:53:41:42 muse/(7323:7323): path swap: /home/utnso/tp-2019-2c-SOcorro/memoria/muse/Debug/SwappingArea
[INFO] 15:53:46:561 muse/(7323:7333): nuevo cliente, id: 127.0.0.1-7332
[INFO] 15:54:37:163 muse/(7367:7367): LISTEN_PORT: 5003
[INFO] 15:54:37:163 muse/(7367:7367): MEMORY_SIZE: 4096
[INFO] 15:54:37:163 muse/(7367:7367): PAGE_SIZE​: 32
[INFO] 15:54:37:163 muse/(7367:7367): SWAP_SIZE​: 1024
[INFO] 15:54:37:163 muse/(7367:7367): IP: 127.0.0.1
[INFO] 15:54:37:163 muse/(7367:7367): path swap: ./SwappingArea
[INFO] 15:54:39:74 muse/(7367:7369): nuevo cliente, id: 127.0.0.1-7368
[INFO] 15:55:11:547 muse/(7404:7404): LISTEN_PORT: 5003
[INFO] 15:55:11:547 muse/(7404:7404): MEMORY_SIZE: 4096
[INFO] 15:55:11:547 muse/(7404:7404): PAGE_SIZE​: 32
[INFO] 15:55:11:548 muse/(7404:7404): SWAP_SIZE​: 1024
[INFO] 15:55:11:548 muse/(7404:7404): IP: 127.0.0.1
[INFO] 15:55:11:548 muse/(7404:7404): path swap: ./SwappingArea
[INFO] 15:55:13:951 muse/(7404:7406): nuevo cliente, id: 127.0.0.1-7405
[INFO] 16:01:30:411 muse/(7616:7616): LISTEN_PORT: 5003
[INFO] 16:01:30:412 muse/(7616:7616): MEMORY_SIZE: 4096
[INFO] 16:01:30:412 muse/(7616:7616): PAGE_SIZE​: 32
[INFO] 16:01:30:412 muse/(7616:7616): SWAP_SIZE​: 1024
[INFO] 16:01:30:412 muse/(7616:7616): IP: 127.0.0.1
[INFO] 16:01:30:412 muse/(7616:7616): path swap: /home/utnso/tp-2019-2c-SOcorro/memoria/muse/Debug/SwappingArea
[INFO] 16:02:34:566 muse/(7680:7680): LISTEN_PORT: 5003
[INFO] 16:02:34:566 muse/(7680:7680): MEMORY_SIZE: 4096
[INFO] 16:02:34:566 muse/(7680:7680): PAGE_SIZE​: 32
[INFO] 16:02:34:566 muse/(7680:7680): SWAP_SIZE​: 1024
[INFO] 16:02:34:566 muse/(7680:7680): IP: 127.0.0.1
[INFO] 16:02:34:566 muse/(7680:7680): path swap: /home/utnso/tp-2019-2c-SOcorro/memoria/muse/Debug/SwappingArea
[INFO] 16:03:26:328 muse/(7713:7713): LISTEN_PORT: 5003
[INFO] 16:03:26:328 muse/(7713:7713): MEMORY_SIZE: 4096
[INFO] 16:03:26:328 muse/(7713:7713): PAGE_SIZE​: 32
[INFO] 16:03:26:328 muse/(7713:7713): SWAP_SIZE​: 1024
[INFO] 16:03:26:328 muse/(7713:7713): IP: 127.0.0.1
[INFO] 16:03:26:933 muse/(7713:7713): path swap: /home/utnso/tp-2019-2c-SOcorro/memoria/muse/Debug/SwappingArea
[INFO] 16:10:16:402 muse/(7894:7894): LISTEN_PORT: 5003
[INFO] 16:10:16:402 muse/(7894:7894): MEMORY_SIZE: 4096
[INFO] 16:10:16:402 muse/(7894:7894): PAGE_SIZE​: 32
[INFO] 16:10:16:402 muse/(7894:7894): SWAP_SIZE​: 1024
[INFO] 16:10:16:402 muse/(7894:7894): IP: 127.0.0.1
[INFO] 16:10:16:402 muse/(7894:7894): path swap: ./SwappingArea
[INFO] 16:10:18:579 muse/(7894:7897): nuevo cliente, id: 127.0.0.1-7896
[INFO] 16:12:20:293 muse/(7894:8013): nuevo cliente, id: 127.0.0.1-8012
[INFO] 16:12:46:923 muse/(8016:8016): LISTEN_PORT: 5003
[INFO] 16:12:46:923 muse/(8016:8016): MEMORY_SIZE: 4096
[INFO] 16:12:46:923 muse/(8016:8016): PAGE_SIZE​: 32
[INFO] 16:12:46:923 muse/(8016:8016): SWAP_SIZE​: 1024
[INFO] 16:12:46:923 muse/(8016:8016): IP: 127.0.0.1
[INFO] 16:12:46:924 muse/(8016:8016): path swap: ./SwappingArea
[INFO] 16:12:48:973 muse/(8016:8018): nuevo cliente, id: 127.0.0.1-8017
[INFO] 16:12:53:398 muse/(8016:8020): nuevo cliente, id: 127.0.0.1-8019
[INFO] 16:13:07:517 muse/(8016:8022): nuevo cliente, id: 127.0.0.1-8021
[INFO] 16:13:08:914 muse/(8016:8024): nuevo cliente, id: 127.0.0.1-8023
[INFO] 16:13:10:569 muse/(8016:8026): nuevo cliente, id: 127.0.0.1-8025
[INFO] 16:13:32:428 muse/(8016:8030): nuevo cliente, id: 127.0.0.1-8029
[INFO] 16:13:47:689 muse/(8035:8035): LISTEN_PORT: 5003
[INFO] 16:13:47:689 muse/(8035:8035): MEMORY_SIZE: 4096
[INFO] 16:13:47:689 muse/(8035:8035): PAGE_SIZE​: 32
[INFO] 16:13:47:689 muse/(8035:8035): SWAP_SIZE​: 1024
[INFO] 16:13:47:690 muse/(8035:8035): IP: 127.0.0.1
[INFO] 16:13:47:690 muse/(8035:8035): path swap: ./SwappingArea
[INFO] 16:13:49:760 muse/(8035:8037): nuevo cliente, id: 127.0.0.1-8036
[INFO] 16:14:01:238 muse/(8035:8039): nuevo cliente, id: 127.0.0.1-8038
[INFO] 16:14:09:885 muse/(8035:8047): nuevo cliente, id: 127.0.0.1-8046
[INFO] 16:14:11:736 muse/(8035:8049): nuevo cliente, id: 127.0.0.1-8048
[INFO] 16:14:17:532 muse/(8035:8051): nuevo cliente, id: 127.0.0.1-8050
[INFO] 16:16:20:512 muse/(8096:8096): LISTEN_PORT: 5003
[INFO] 16:16:20:512 muse/(8096:8096): MEMORY_SIZE: 4096
[INFO] 16:16:20:512 muse/(8096:8096): PAGE_SIZE​: 32
[INFO] 16:16:20:512 muse/(8096:8096): SWAP_SIZE​: 1024
[INFO] 16:16:20:512 muse/(8096:8096): IP: 127.0.0.1
[INFO] 16:16:20:512 muse/(8096:8096): path swap: /home/utnso/tp-2019-2c-SOcorro/memoria/muse/Debug/SwappingArea
[INFO] 16:16:23:312 muse/(8096:8121): nuevo cliente, id: 127.0.0.1-8120
[INFO] 16:16:28:889 muse/(8096:8130): nuevo cliente, id: 127.0.0.1-8129
[INFO] 19:21:11:223 muse/(4230:4230): LISTEN_PORT: 5003
[INFO] 19:21:11:315 muse/(4230:4230): MEMORY_SIZE: 4096
[INFO] 19:21:11:315 muse/(4230:4230): PAGE_SIZE​: 32
[INFO] 19:21:11:315 muse/(4230:4230): SWAP_SIZE​: 1024
[INFO] 19:21:11:317 muse/(4230:4230): IP: 127.0.0.1
[INFO] 19:21:11:814 muse/(4230:4230): path swap: /home/utnso/tp-2019-2c-SOcorro/memoria/muse/Debug/SwappingArea
[INFO] 19:24:38:464 muse/(4394:4394): LISTEN_PORT: 5003
[INFO] 19:24:38:464 muse/(4394:4394): MEMORY_SIZE: 4096
[INFO] 19:24:38:464 muse/(4394:4394): PAGE_SIZE​: 32
[INFO] 19:24:38:464 muse/(4394:4394): SWAP_SIZE​: 1024
[INFO] 19:24:38:464 muse/(4394:4394): IP: 127.0.0.1
[INFO] 19:24:38:464 muse/(4394:4394): path swap: /home/utnso/tp-2019-2c-SOcorro/memoria/muse/Debug/SwappingArea
[INFO] 19:26:43:782 muse/(4478:4478): LISTEN_PORT: 5003
[INFO] 19:26:43:782 muse/(4478:4478): MEMORY_SIZE: 4096
[INFO] 19:26:43:782 muse/(4478:4478): PAGE_SIZE​: 32
[INFO] 19:26:43:782 muse/(4478:4478): SWAP_SIZE​: 1024
[INFO] 19:26:43:782 muse/(4478:4478): IP: 127.0.0.1
[INFO] 19:26:43:782 muse/(4478:4478): path swap: /home/utnso/tp-2019-2c-SOcorro/memoria/muse/Debug/SwappingArea
